Open5GS daemon v2.4.4

02/06 14:26:25.599: [app] INFO: Configuration: '/open5gs/install/etc/open5gs/amf.yaml' (../lib/app/ogs-init.c:129)
02/06 14:26:25.599: [app] INFO: File Logging: '/open5gs/install/var/log/open5gs/amf.log' (../lib/app/ogs-init.c:132)
02/06 14:26:25.604: [sbi] INFO: nghttp2_server() [127.0.0.5]:7777 (../lib/sbi/nghttp2-server.c:144)
02/06 14:26:25.605: [amf] INFO: ngap_server() [192.168.0.111]:38412 (../src/amf/ngap-sctp.c:53)
02/06 14:26:25.605: [sctp] INFO: AMF initialize...done (../src/amf/app.c:33)
02/06 14:26:25.607: [amf] INFO: [d177e85c-0367-41f1-b7d9-99502947d507] NF registred [Heartbeat:10s] (../src/amf/nf-sm.c:198)
02/06 14:26:25.624: [amf] INFO: [d1794db4-0367-41f1-8239-0f80911c27f7] (NRF-notify) NF registered (../src/amf/nnrf-handler.c:182)
02/06 14:26:25.624: [amf] INFO: [d1794db4-0367-41f1-8239-0f80911c27f7] (NRF-notify) NF Profile updated (../src/amf/nnrf-handler.c:201)
02/06 14:26:27.661: [amf] INFO: gNB-N2 accepted[192.168.0.131]:55132 in ng-path module (../src/amf/ngap-sctp.c:105)
02/06 14:26:27.661: [amf] INFO: gNB-N2 accepted[192.168.0.131] in master_sm module (../src/amf/amf-sm.c:619)
02/06 14:26:27.662: [amf] INFO: [GNB] max_num_of_ostreams : 30 (../src/amf/context.c:854)
02/06 14:26:27.662: [amf] INFO: [Added] Number of gNBs is now 1 (../src/amf/context.c:869)
02/06 14:26:28.205: [amf] INFO: gNB-N2 accepted[192.168.0.132]:43005 in ng-path module (../src/amf/ngap-sctp.c:105)
02/06 14:26:28.205: [amf] INFO: gNB-N2 accepted[192.168.0.132] in master_sm module (../src/amf/amf-sm.c:619)
02/06 14:26:28.205: [amf] INFO: [GNB] max_num_of_ostreams : 30 (../src/amf/context.c:854)
02/06 14:26:28.205: [amf] INFO: [Added] Number of gNBs is now 2 (../src/amf/context.c:869)
02/06 14:26:33.474: [amf] INFO: InitialUEMessage (../src/amf/ngap-handler.c:361)
02/06 14:26:33.474: [amf] INFO: [Added] Number of gNB-UEs is now 1 (../src/amf/context.c:2064)
02/06 14:26:33.474: [amf] INFO:     RAN_UE_NGAP_ID[1] AMF_UE_NGAP_ID[1] TAC[1] CellID[0x10] (../src/amf/ngap-handler.c:497)
02/06 14:26:33.474: [amf] INFO: [suci-0-001-01-0000-0-0-1234567895] Unknown UE by SUCI (../src/amf/context.c:1390)
02/06 14:26:33.475: [amf] INFO: [Added] Number of AMF-UEs is now 1 (../src/amf/context.c:1189)
02/06 14:26:33.475: [gmm] INFO: Registration request (../src/amf/gmm-sm.c:134)
02/06 14:26:33.475: [gmm] INFO: [suci-0-001-01-0000-0-0-1234567895]    SUCI (../src/amf/gmm-handler.c:157)
02/06 14:26:33.476: [app] WARNING: Try to discover [AUSF] (../lib/sbi/path.c:110)
02/06 14:26:33.478: [amf] INFO: [d177252a-0367-41f1-817a-61158a5be48e] (NF-discover) NF registered (../src/amf/nnrf-handler.c:342)
02/06 14:26:33.479: [amf] INFO: [d177252a-0367-41f1-817a-61158a5be48e] (NF-discover) NF Profile updated (../src/amf/nnrf-handler.c:402)
02/06 14:26:33.624: [gmm] WARNING: Authentication failure(Synch failure) (../src/amf/gmm-sm.c:548)
02/06 14:26:33.907: [app] WARNING: Try to discover [UDM] (../lib/sbi/path.c:110)
02/06 14:26:33.909: [amf] INFO: [d170697e-0367-41f1-aea3-f95c53193b54] (NF-discover) NF registered (../src/amf/nnrf-handler.c:342)
02/06 14:26:33.909: [amf] INFO: [d170697e-0367-41f1-aea3-f95c53193b54] (NF-discover) NF Profile updated (../src/amf/nnrf-handler.c:402)
02/06 14:26:34.062: [amf] INFO: InitialUEMessage (../src/amf/ngap-handler.c:361)
02/06 14:26:34.062: [amf] INFO: [Added] Number of gNB-UEs is now 2 (../src/amf/context.c:2064)
02/06 14:26:34.062: [amf] INFO:     RAN_UE_NGAP_ID[2] AMF_UE_NGAP_ID[2] TAC[1] CellID[0x10] (../src/amf/ngap-handler.c:497)
02/06 14:26:34.062: [amf] INFO: [suci-0-001-01-0000-0-0-1234567897] Unknown UE by SUCI (../src/amf/context.c:1390)
02/06 14:26:34.063: [amf] INFO: [Added] Number of AMF-UEs is now 2 (../src/amf/context.c:1189)
02/06 14:26:34.063: [gmm] INFO: Registration request (../src/amf/gmm-sm.c:134)
02/06 14:26:34.063: [gmm] INFO: [suci-0-001-01-0000-0-0-1234567897]    SUCI (../src/amf/gmm-handler.c:157)
02/06 14:26:34.196: [gmm] INFO: [imsi-001011234567895] Registration complete (../src/amf/gmm-sm.c:1063)
02/06 14:26:34.197: [amf] INFO: [imsi-001011234567895] Configuration update command (../src/amf/nas-path.c:389)
02/06 14:26:34.197: [gmm] INFO:     UTC [2026-02-06T14:26:34] Timezone[0]/DST[0] (../src/amf/gmm-build.c:502)
02/06 14:26:34.197: [gmm] INFO:     LOCAL [2026-02-06T14:26:34] Timezone[0]/DST[0] (../src/amf/gmm-build.c:507)
02/06 14:26:34.197: [amf] INFO: [Added] Number of AMF-Sessions is now 1 (../src/amf/context.c:2076)
02/06 14:26:34.197: [gmm] INFO: UE SUPI[imsi-001011234567895] DNN[internet] S_NSSAI[SST:1 SD:0x1] (../src/amf/gmm-handler.c:1047)
02/06 14:26:34.197: [app] WARNING: Try to discover [NSSF] (../lib/sbi/path.c:110)
02/06 14:26:34.198: [amf] INFO: [Added] Number of AMF-Sessions is now 2 (../src/amf/context.c:2076)
02/06 14:26:34.198: [gmm] INFO: UE SUPI[imsi-001011234567895] DNN[mec] S_NSSAI[SST:2 SD:0x1] (../src/amf/gmm-handler.c:1047)
02/06 14:26:34.198: [app] WARNING: Try to discover [NSSF] (../lib/sbi/path.c:110)
02/06 14:26:34.199: [amf] INFO: [d1756168-0367-41f1-9f0c-a5c8f0b98945] (NF-discover) NF registered (../src/amf/nnrf-handler.c:342)
02/06 14:26:34.200: [amf] INFO: [d1756168-0367-41f1-9f0c-a5c8f0b98945] (NF-discover) NF Profile updated (../src/amf/nnrf-handler.c:402)
02/06 14:26:34.200: [amf] WARNING: [d1756168-0367-41f1-9f0c-a5c8f0b98945] (NF-discover) NF has already been added (../src/amf/nnrf-handler.c:347)
02/06 14:26:34.200: [amf] INFO: [d1756168-0367-41f1-9f0c-a5c8f0b98945] (NF-discover) NF Profile updated (../src/amf/nnrf-handler.c:402)
02/06 14:26:34.204: [amf] INFO: [ce7a1f44-0367-41f1-a983-fb15e12c040b] (NF-discover) NF registered (../src/amf/nnrf-handler.c:342)
02/06 14:26:34.205: [amf] INFO: [ce7a1f44-0367-41f1-a983-fb15e12c040b] (NF-discover) NF Profile updated (../src/amf/nnrf-handler.c:402)
02/06 14:26:34.205: [amf] WARNING: [ce7a1f44-0367-41f1-a983-fb15e12c040b] (NF-discover) NF has already been added (../src/amf/nnrf-handler.c:347)
02/06 14:26:34.205: [amf] INFO: [ce7a1f44-0367-41f1-a983-fb15e12c040b] (NF-discover) NF Profile updated (../src/amf/nnrf-handler.c:402)
02/06 14:26:34.327: [gmm] WARNING: Authentication failure(Synch failure) (../src/amf/gmm-sm.c:548)
02/06 14:26:35.290: [gmm] INFO: [imsi-001011234567897] Registration complete (../src/amf/gmm-sm.c:1063)
02/06 14:26:35.290: [amf] INFO: [imsi-001011234567897] Configuration update command (../src/amf/nas-path.c:389)
02/06 14:26:35.290: [gmm] INFO:     UTC [2026-02-06T14:26:35] Timezone[0]/DST[0] (../src/amf/gmm-build.c:502)
02/06 14:26:35.290: [gmm] INFO:     LOCAL [2026-02-06T14:26:35] Timezone[0]/DST[0] (../src/amf/gmm-build.c:507)
02/06 14:26:35.291: [amf] INFO: [Added] Number of AMF-Sessions is now 3 (../src/amf/context.c:2076)
02/06 14:26:35.291: [gmm] INFO: UE SUPI[imsi-001011234567897] DNN[internet] S_NSSAI[SST:1 SD:0x1] (../src/amf/gmm-handler.c:1047)
02/06 14:26:35.294: [amf] INFO: [Added] Number of AMF-Sessions is now 4 (../src/amf/context.c:2076)
02/06 14:26:35.294: [gmm] INFO: UE SUPI[imsi-001011234567897] DNN[mec] S_NSSAI[SST:2 SD:0x1] (../src/amf/gmm-handler.c:1047)
02/06 14:26:38.468: [amf] INFO: InitialUEMessage (../src/amf/ngap-handler.c:361)
02/06 14:26:38.468: [amf] INFO: [Added] Number of gNB-UEs is now 3 (../src/amf/context.c:2064)
02/06 14:26:38.468: [amf] INFO:     RAN_UE_NGAP_ID[1] AMF_UE_NGAP_ID[3] TAC[1] CellID[0x10] (../src/amf/ngap-handler.c:497)
02/06 14:26:38.468: [amf] INFO: [suci-0-001-01-0000-0-0-1234567896] Unknown UE by SUCI (../src/amf/context.c:1390)
02/06 14:26:38.468: [amf] INFO: [Added] Number of AMF-UEs is now 3 (../src/amf/context.c:1189)
02/06 14:26:38.468: [gmm] INFO: Registration request (../src/amf/gmm-sm.c:134)
02/06 14:26:38.468: [gmm] INFO: [suci-0-001-01-0000-0-0-1234567896]    SUCI (../src/amf/gmm-handler.c:157)
02/06 14:26:38.610: [gmm] WARNING: Authentication failure(Synch failure) (../src/amf/gmm-sm.c:548)
02/06 14:26:39.030: [amf] INFO: InitialUEMessage (../src/amf/ngap-handler.c:361)
02/06 14:26:39.030: [amf] INFO: [Added] Number of gNB-UEs is now 4 (../src/amf/context.c:2064)
02/06 14:26:39.030: [amf] INFO:     RAN_UE_NGAP_ID[2] AMF_UE_NGAP_ID[4] TAC[1] CellID[0x10] (../src/amf/ngap-handler.c:497)
02/06 14:26:39.030: [amf] INFO: [suci-0-001-01-0000-0-0-1234567898] Unknown UE by SUCI (../src/amf/context.c:1390)
02/06 14:26:39.031: [amf] INFO: [Added] Number of AMF-UEs is now 4 (../src/amf/context.c:1189)
02/06 14:26:39.031: [gmm] INFO: Registration request (../src/amf/gmm-sm.c:134)
02/06 14:26:39.031: [gmm] INFO: [suci-0-001-01-0000-0-0-1234567898]    SUCI (../src/amf/gmm-handler.c:157)
02/06 14:26:39.167: [gmm] INFO: [imsi-001011234567896] Registration complete (../src/amf/gmm-sm.c:1063)
02/06 14:26:39.167: [amf] INFO: [imsi-001011234567896] Configuration update command (../src/amf/nas-path.c:389)
02/06 14:26:39.167: [gmm] INFO:     UTC [2026-02-06T14:26:39] Timezone[0]/DST[0] (../src/amf/gmm-build.c:502)
02/06 14:26:39.167: [gmm] INFO:     LOCAL [2026-02-06T14:26:39] Timezone[0]/DST[0] (../src/amf/gmm-build.c:507)
02/06 14:26:39.167: [amf] INFO: [Added] Number of AMF-Sessions is now 5 (../src/amf/context.c:2076)
02/06 14:26:39.167: [gmm] INFO: UE SUPI[imsi-001011234567896] DNN[internet] S_NSSAI[SST:1 SD:0x1] (../src/amf/gmm-handler.c:1047)
02/06 14:26:39.168: [amf] INFO: [Added] Number of AMF-Sessions is now 6 (../src/amf/context.c:2076)
02/06 14:26:39.168: [gmm] INFO: UE SUPI[imsi-001011234567896] DNN[mec] S_NSSAI[SST:2 SD:0x1] (../src/amf/gmm-handler.c:1047)
02/06 14:26:39.300: [gmm] WARNING: Authentication failure(Synch failure) (../src/amf/gmm-sm.c:548)
02/06 14:26:40.251: [gmm] INFO: [imsi-001011234567898] Registration complete (../src/amf/gmm-sm.c:1063)
02/06 14:26:40.251: [amf] INFO: [imsi-001011234567898] Configuration update command (../src/amf/nas-path.c:389)
02/06 14:26:40.251: [gmm] INFO:     UTC [2026-02-06T14:26:40] Timezone[0]/DST[0] (../src/amf/gmm-build.c:502)
02/06 14:26:40.251: [gmm] INFO:     LOCAL [2026-02-06T14:26:40] Timezone[0]/DST[0] (../src/amf/gmm-build.c:507)
02/06 14:26:40.252: [amf] INFO: [Added] Number of AMF-Sessions is now 7 (../src/amf/context.c:2076)
02/06 14:26:40.252: [gmm] INFO: UE SUPI[imsi-001011234567898] DNN[internet] S_NSSAI[SST:1 SD:0x1] (../src/amf/gmm-handler.c:1047)
02/06 14:26:40.254: [amf] INFO: [Added] Number of AMF-Sessions is now 8 (../src/amf/context.c:2076)
02/06 14:26:40.254: [gmm] INFO: UE SUPI[imsi-001011234567898] DNN[mec] S_NSSAI[SST:2 SD:0x1] (../src/amf/gmm-handler.c:1047)
02/06 15:26:33.484: [amf] INFO: [d177252a-0367-41f1-817a-61158a5be48e] NF expired (../src/amf/nf-sm.c:303)
02/06 15:26:33.910: [amf] INFO: [d170697e-0367-41f1-aea3-f95c53193b54] NF expired (../src/amf/nf-sm.c:303)
02/06 15:26:34.202: [amf] INFO: [d1756168-0367-41f1-9f0c-a5c8f0b98945] NF expired (../src/amf/nf-sm.c:303)
02/06 15:26:34.206: [amf] INFO: [ce7a1f44-0367-41f1-a983-fb15e12c040b] NF expired (../src/amf/nf-sm.c:303)
02/07 14:26:25.609: [amf] INFO: [d17901e2-0367-41f1-8091-4538cd5e0880] Subscription validity expired (../src/amf/amf-sm.c:553)
02/07 14:26:25.610: [amf] INFO: [d1790aa2-0367-41f1-8091-4538cd5e0880] Subscription validity expired (../src/amf/amf-sm.c:553)
02/07 14:26:25.610: [amf] INFO: [d17912cc-0367-41f1-8091-4538cd5e0880] Subscription validity expired (../src/amf/amf-sm.c:553)
02/07 14:26:25.610: [amf] INFO: [d179152e-0367-41f1-8091-4538cd5e0880] Subscription validity expired (../src/amf/amf-sm.c:553)
02/07 14:26:25.610: [amf] INFO: [d1791dbc-0367-41f1-8091-4538cd5e0880] Subscription validity expired (../src/amf/amf-sm.c:553)
02/08 14:26:25.612: [amf] INFO: [fbe33546-0430-41f1-8091-4538cd5e0880] Subscription validity expired (../src/amf/amf-sm.c:553)
02/08 14:26:25.612: [amf] INFO: [fbe347ca-0430-41f1-8091-4538cd5e0880] Subscription validity expired (../src/amf/amf-sm.c:553)
02/08 14:26:25.612: [amf] INFO: [fbe34bf8-0430-41f1-8091-4538cd5e0880] Subscription validity expired (../src/amf/amf-sm.c:553)
02/08 14:26:25.613: [amf] INFO: [fbe35b3e-0430-41f1-8091-4538cd5e0880] Subscription validity expired (../src/amf/amf-sm.c:553)
02/08 14:26:25.614: [amf] INFO: [fbe35ec2-0430-41f1-8091-4538cd5e0880] Subscription validity expired (../src/amf/amf-sm.c:553)
02/09 08:08:08.231: [amf] INFO: gNB-N2[192.168.0.132] connection refused!!! (../src/amf/amf-sm.c:668)
02/09 08:08:08.234: [amf] INFO: [Removed] Number of gNBs is now 1 (../src/amf/context.c:897)
02/09 08:08:15.741: [amf] ERROR: [1:0] Error Indication (../src/amf/nsmf-handler.c:772)
02/09 08:08:15.743: [amf] FATAL: gNB SCTP socket has already been destroyed (../src/amf/ngap-path.c:57)
0000: 00094014 00000300 0a400200 03005540   ..@......@....U@
0010: 02000100 0f400168                     .....@.h
02/09 08:08:15.744: [amf] WARNING: ngap_send_to_gnb: should not be reached. (../src/amf/ngap-path.c:59)
02/09 08:08:15.756: [core] FATAL: backtrace() returned 11 addresses (../lib/core/ogs-abort.c:37)
./install/bin/open5gs-amfd(+0x1bc76) [0x563586272c76]
./install/bin/open5gs-amfd(+0x1e98d) [0x56358627598d]
./install/bin/open5gs-amfd(+0x1eb96) [0x563586275b96]
./install/bin/open5gs-amfd(+0x3993f) [0x56358629093f]
./install/bin/open5gs-amfd(+0x2de64) [0x563586284e64]
/open5gs/install/lib/x86_64-linux-gnu/libogscore.so.2(ogs_fsm_dispatch+0x4b) [0x7f875bcd4181]
./install/bin/open5gs-amfd(+0x7c9c) [0x56358625ec9c]
/open5gs/install/lib/x86_64-linux-gnu/libogscore.so.2(+0x16256) [0x7f875bcc7256]
/lib/x86_64-linux-gnu/libpthread.so.0(+0x8609) [0x7f875b44b609]
/lib/x86_64-linux-gnu/libc.so.6(clone+0x43) [0x7f875b370133]
