UERANSIM v3.2.6
[2025-08-13 18:05:45.515] [sctp] [info] Trying to establish SCTP connection... (192.168.0.111:38412)
[2025-08-13 18:05:45.899] [sctp] [info] SCTP connection established (192.168.0.111:38412)
[2025-08-13 18:05:45.899] [sctp] [debug] SCTP association setup ascId[126]
[2025-08-13 18:05:45.899] [ngap] [debug] Sending NG Setup Request
[2025-08-13 18:05:46.026] [ngap] [debug] NG Setup Response received
[2025-08-13 18:05:46.026] [ngap] [info] NG Setup procedure is successful
[2025-08-13 18:05:55.961] [rrc] [debug] UE[1] new signal detected
[2025-08-13 18:05:55.966] [rrc] [info] RRC Setup for UE[1]
[2025-08-13 18:05:55.971] [ngap] [debug] Initial NAS message received from UE[1]
[2025-08-13 18:05:56.437] [rrc] [debug] UE[2] new signal detected
[2025-08-13 18:05:56.443] [rrc] [info] RRC Setup for UE[2]
[2025-08-13 18:05:56.447] [ngap] [debug] Initial NAS message received from UE[2]
[2025-08-13 18:05:56.502] [ngap] [debug] Initial Context Setup Request received
[2025-08-13 18:05:56.774] [ngap] [info] PDU session resource(s) setup for UE[1] count[1]
[2025-08-13 18:05:56.874] [ngap] [info] PDU session resource(s) setup for UE[1] count[1]
[2025-08-13 18:05:57.355] [ngap] [debug] Initial Context Setup Request received
[2025-08-13 18:05:57.829] [ngap] [info] PDU session resource(s) setup for UE[2] count[1]
[2025-08-13 18:05:57.929] [ngap] [info] PDU session resource(s) setup for UE[2] count[1]
[2025-08-13 18:39:09.728] [rls] [debug] UE[1] signal lost
[2025-08-13 18:39:09.728] [rls] [debug] UE[2] signal lost
