Open5GS daemon v2.4.4

02/06 14:26:25.601: [app] INFO: Configuration: '/open5gs/install/etc/open5gs/pcf.yaml' (../lib/app/ogs-init.c:129)
02/06 14:26:25.601: [app] INFO: File Logging: '/open5gs/install/var/log/open5gs/pcf.log' (../lib/app/ogs-init.c:132)
02/06 14:26:25.616: [dbi] INFO: MongoDB URI: 'mongodb://localhost/open5gs' (../lib/dbi/ogs-mongoc.c:130)
02/06 14:26:25.616: [sbi] INFO: nghttp2_server() [127.0.0.13]:7777 (../lib/sbi/nghttp2-server.c:144)
02/06 14:26:25.617: [app] INFO: PCF initialize...done (../src/pcf/app.c:31)
02/06 14:26:25.625: [pcf] INFO: [d1794db4-0367-41f1-8239-0f80911c27f7] NF registred [Heartbeat:10s] (../src/pcf/nf-sm.c:198)
02/06 14:26:33.922: [app] WARNING: Try to discover [UDR] (../lib/sbi/path.c:110)
02/06 14:26:33.924: [pcf] INFO: [d17650c8-0367-41f1-817c-31e52be5b418] (NF-discover) NF registered (../src/pcf/nnrf-handler.c:286)
02/06 14:26:33.925: [pcf] INFO: [d17650c8-0367-41f1-817c-31e52be5b418] (NF-discover) NF Profile updated (../src/pcf/nnrf-handler.c:346)
02/06 14:26:34.219: [app] WARNING: Try to discover [BSF] (../lib/sbi/path.c:110)
02/06 14:26:34.219: [app] WARNING: Try to discover [BSF] (../lib/sbi/path.c:110)
02/06 14:26:34.220: [pcf] INFO: [d175cd7e-0367-41f1-a497-8f74c0301c34] (NF-discover) NF registered (../src/pcf/nnrf-handler.c:286)
02/06 14:26:34.221: [pcf] INFO: [d175cd7e-0367-41f1-a497-8f74c0301c34] (NF-discover) NF Profile updated (../src/pcf/nnrf-handler.c:346)
02/06 14:26:34.225: [pcf] WARNING: [d175cd7e-0367-41f1-a497-8f74c0301c34] (NF-discover) NF has already been added (../src/pcf/nnrf-handler.c:291)
02/06 14:26:34.225: [pcf] INFO: [d175cd7e-0367-41f1-a497-8f74c0301c34] (NF-discover) NF Profile updated (../src/pcf/nnrf-handler.c:346)
02/06 15:26:33.929: [pcf] INFO: [d17650c8-0367-41f1-817c-31e52be5b418] NF expired (../src/pcf/nf-sm.c:294)
02/06 15:26:34.227: [pcf] INFO: [d175cd7e-0367-41f1-a497-8f74c0301c34] NF expired (../src/pcf/nf-sm.c:294)
02/07 14:26:25.626: [pcf] INFO: [d17bbec8-0367-41f1-8091-4538cd5e0880] Subscription validity expired (../src/pcf/pcf-sm.c:543)
02/07 14:26:25.627: [pcf] INFO: [d17bc828-0367-41f1-8091-4538cd5e0880] Subscription validity expired (../src/pcf/pcf-sm.c:543)
02/08 14:26:25.629: [pcf] INFO: [fbe5d6ac-0430-41f1-8091-4538cd5e0880] Subscription validity expired (../src/pcf/pcf-sm.c:543)
02/08 14:26:25.629: [pcf] INFO: [fbe5e26e-0430-41f1-8091-4538cd5e0880] Subscription validity expired (../src/pcf/pcf-sm.c:543)
