UERANSIM v3.2.6
[2025-10-14 15:08:38.845] [nas] [info] UE switches to state [MM-DEREGISTERED/PLMN-SEARCH]
[2025-10-14 15:08:38.858] [rrc] [debug] New signal detected for cell[1], total [1] cells in coverage
[2025-10-14 15:08:38.859] [nas] [info] Selected plmn[001/01]
[2025-10-14 15:08:38.859] [rrc] [info] Selected cell plmn[001/01] tac[1] category[SUITABLE]
[2025-10-14 15:08:38.859] [nas] [info] UE switches to state [MM-DEREGISTERED/PS]
[2025-10-14 15:08:38.859] [nas] [info] UE switches to state [MM-DEREGISTERED/NORMAL-SERVICE]
[2025-10-14 15:08:38.859] [nas] [debug] Initial registration required due to [MM-DEREG-NORMAL-SERVICE]
[2025-10-14 15:08:38.859] [nas] [debug] UAC access attempt is allowed for identity[0], category[MO_sig]
[2025-10-14 15:08:38.859] [nas] [debug] Sending Initial Registration
[2025-10-14 15:08:38.859] [nas] [info] UE switches to state [MM-REGISTER-INITIATED]
[2025-10-14 15:08:38.859] [rrc] [debug] Sending RRC Setup Request
[2025-10-14 15:08:38.864] [rrc] [info] RRC connection established
[2025-10-14 15:08:38.864] [rrc] [info] UE switches to state [RRC-CONNECTED]
[2025-10-14 15:08:38.865] [nas] [info] UE switches to state [CM-CONNECTED]
[2025-10-14 15:08:39.003] [nas] [debug] Authentication Request received
[2025-10-14 15:08:39.003] [nas] [debug] Sending Authentication Failure due to SQN out of range
[2025-10-14 15:08:39.143] [nas] [debug] Authentication Request received
[2025-10-14 15:08:39.285] [nas] [debug] Security Mode Command received
[2025-10-14 15:08:39.285] [nas] [debug] Selected integrity[2] ciphering[0]
[2025-10-14 15:08:39.429] [nas] [debug] Registration accept received
[2025-10-14 15:08:39.429] [nas] [info] UE switches to state [MM-REGISTERED/NORMAL-SERVICE]
[2025-10-14 15:08:39.429] [nas] [debug] Sending Registration Complete
[2025-10-14 15:08:39.429] [nas] [info] Initial Registration is successful
[2025-10-14 15:08:39.429] [nas] [debug] Sending PDU Session Establishment Request
[2025-10-14 15:08:39.429] [nas] [debug] UAC access attempt is allowed for identity[0], category[MO_sig]
[2025-10-14 15:08:39.429] [nas] [debug] Sending PDU Session Establishment Request
[2025-10-14 15:08:39.429] [nas] [debug] UAC access attempt is allowed for identity[0], category[MO_sig]
[2025-10-14 15:08:39.891] [nas] [debug] Configuration Update Command received
[2025-10-14 15:08:39.912] [nas] [debug] PDU Session Establishment Accept received
[2025-10-14 15:08:39.912] [nas] [info] PDU Session establishment is successful PSI[1]
[2025-10-14 15:08:39.931] [app] [info] Connection setup for PDU session[1] is successful, TUN interface[uesimtun2, 10.45.0.4] is up.
[2025-10-14 15:08:40.014] [nas] [debug] PDU Session Establishment Accept received
[2025-10-14 15:08:40.014] [nas] [info] PDU Session establishment is successful PSI[2]
[2025-10-14 15:08:40.032] [app] [info] Connection setup for PDU session[2] is successful, TUN interface[uesimtun3, 10.46.0.4] is up.
[2025-10-14 15:11:20.126] [rrc] [debug] Signal lost for cell[1], total [0] cells in coverage
[2025-10-14 15:11:20.126] [nas] [error] Radio link failure detected
[2025-10-14 15:11:20.126] [nas] [info] UE switches to state [CM-IDLE]
[2025-10-14 15:11:20.126] [nas] [info] UE switches to state [MM-REGISTERED/PS]
[2025-10-14 15:11:20.126] [nas] [info] UE switches to state [MM-REGISTERED/PLMN-SEARCH]
[2025-10-14 15:11:20.126] [nas] [error] PLMN selection failure, no cells in coverage
[2025-10-14 15:11:21.411] [rrc] [warning] Acceptable cell selection failed, no cell is in coverage
[2025-10-14 15:11:21.411] [rrc] [error] Cell selection failure, no suitable or acceptable cell found
