UERANSIM v3.2.6
[2026-02-06 14:26:33.930] [nas] [info] UE switches to state [MM-DEREGISTERED/PLMN-SEARCH]
[2026-02-06 14:26:33.942] [rrc] [debug] New signal detected for cell[1], total [1] cells in coverage
[2026-02-06 14:26:33.942] [nas] [info] Selected plmn[001/01]
[2026-02-06 14:26:33.942] [rrc] [info] Selected cell plmn[001/01] tac[1] category[SUITABLE]
[2026-02-06 14:26:33.942] [nas] [info] UE switches to state [MM-DEREGISTERED/PS]
[2026-02-06 14:26:33.942] [nas] [info] UE switches to state [MM-DEREGISTERED/NORMAL-SERVICE]
[2026-02-06 14:26:33.942] [nas] [debug] Initial registration required due to [MM-DEREG-NORMAL-SERVICE]
[2026-02-06 14:26:33.942] [nas] [debug] UAC access attempt is allowed for identity[0], category[MO_sig]
[2026-02-06 14:26:33.942] [nas] [debug] Sending Initial Registration
[2026-02-06 14:26:33.943] [nas] [info] UE switches to state [MM-REGISTER-INITIATED]
[2026-02-06 14:26:33.943] [rrc] [debug] Sending RRC Setup Request
[2026-02-06 14:26:33.948] [rrc] [info] RRC connection established
[2026-02-06 14:26:33.948] [rrc] [info] UE switches to state [RRC-CONNECTED]
[2026-02-06 14:26:33.948] [nas] [info] UE switches to state [CM-CONNECTED]
[2026-02-06 14:26:34.135] [nas] [debug] Authentication Request received
[2026-02-06 14:26:34.135] [nas] [debug] Sending Authentication Failure due to SQN out of range
[2026-02-06 14:26:34.399] [nas] [debug] Authentication Request received
[2026-02-06 14:26:34.744] [nas] [debug] Security Mode Command received
[2026-02-06 14:26:34.744] [nas] [debug] Selected integrity[2] ciphering[0]
[2026-02-06 14:26:34.894] [nas] [debug] Registration accept received
[2026-02-06 14:26:34.894] [nas] [info] UE switches to state [MM-REGISTERED/NORMAL-SERVICE]
[2026-02-06 14:26:34.894] [nas] [debug] Sending Registration Complete
[2026-02-06 14:26:34.894] [nas] [info] Initial Registration is successful
[2026-02-06 14:26:34.894] [nas] [debug] Sending PDU Session Establishment Request
[2026-02-06 14:26:34.894] [nas] [debug] UAC access attempt is allowed for identity[0], category[MO_sig]
[2026-02-06 14:26:34.894] [nas] [debug] Sending PDU Session Establishment Request
[2026-02-06 14:26:34.894] [nas] [debug] UAC access attempt is allowed for identity[0], category[MO_sig]
[2026-02-06 14:26:35.359] [nas] [debug] Configuration Update Command received
[2026-02-06 14:26:35.383] [nas] [debug] PDU Session Establishment Accept received
[2026-02-06 14:26:35.383] [nas] [info] PDU Session establishment is successful PSI[1]
[2026-02-06 14:26:35.408] [app] [info] Connection setup for PDU session[1] is successful, TUN interface[uesimtun0, 10.45.0.3] is up.
[2026-02-06 14:26:35.487] [nas] [debug] PDU Session Establishment Accept received
[2026-02-06 14:26:35.487] [nas] [info] PDU Session establishment is successful PSI[2]
[2026-02-06 14:26:35.516] [app] [info] Connection setup for PDU session[2] is successful, TUN interface[uesimtun1, 10.46.0.3] is up.
[2026-02-09 08:06:55.917] [rrc] [debug] Signal lost for cell[1], total [0] cells in coverage
[2026-02-09 08:06:55.917] [nas] [error] Radio link failure detected
[2026-02-09 08:06:55.917] [nas] [info] UE switches to state [CM-IDLE]
[2026-02-09 08:06:55.917] [nas] [info] UE switches to state [MM-REGISTERED/PS]
[2026-02-09 08:06:55.917] [nas] [info] UE switches to state [MM-REGISTERED/PLMN-SEARCH]
[2026-02-09 08:06:55.917] [nas] [error] PLMN selection failure, no cells in coverage
[2026-02-09 08:06:56.313] [rrc] [warning] Acceptable cell selection failed, no cell is in coverage
[2026-02-09 08:06:56.313] [rrc] [error] Cell selection failure, no suitable or acceptable cell found
[2026-02-09 08:06:58.214] [nas] [error] PLMN selection failure, no cells in coverage
[2026-02-09 08:07:00.416] [nas] [error] PLMN selection failure, no cells in coverage
[2026-02-09 08:07:01.517] [nas] [info] UE switches to state [MM-REGISTERED/NO-CELL-AVAILABLE]
[2026-02-09 08:07:26.326] [rrc] [warning] Acceptable cell selection failed, no cell is in coverage
[2026-02-09 08:07:26.326] [rrc] [error] Cell selection failure, no suitable or acceptable cell found
[2026-02-09 08:07:31.244] [nas] [error] PLMN selection failure, no cells in coverage
[2026-02-09 08:07:56.338] [rrc] [warning] Acceptable cell selection failed, no cell is in coverage
[2026-02-09 08:07:56.338] [rrc] [error] Cell selection failure, no suitable or acceptable cell found
[2026-02-09 08:08:02.072] [nas] [error] PLMN selection failure, no cells in coverage
[2026-02-09 08:08:26.350] [rrc] [warning] Acceptable cell selection failed, no cell is in coverage
[2026-02-09 08:08:26.350] [rrc] [error] Cell selection failure, no suitable or acceptable cell found
[2026-02-09 08:08:32.900] [nas] [error] PLMN selection failure, no cells in coverage
[2026-02-09 08:08:56.362] [rrc] [warning] Acceptable cell selection failed, no cell is in coverage
[2026-02-09 08:08:56.362] [rrc] [error] Cell selection failure, no suitable or acceptable cell found
[2026-02-09 08:09:03.728] [nas] [error] PLMN selection failure, no cells in coverage
[2026-02-09 08:09:26.375] [rrc] [warning] Acceptable cell selection failed, no cell is in coverage
[2026-02-09 08:09:26.375] [rrc] [error] Cell selection failure, no suitable or acceptable cell found
[2026-02-09 08:09:34.556] [nas] [error] PLMN selection failure, no cells in coverage
[2026-02-09 08:09:56.387] [rrc] [warning] Acceptable cell selection failed, no cell is in coverage
[2026-02-09 08:09:56.387] [rrc] [error] Cell selection failure, no suitable or acceptable cell found
[2026-02-09 08:10:05.384] [nas] [error] PLMN selection failure, no cells in coverage
[2026-02-09 08:10:26.399] [rrc] [warning] Acceptable cell selection failed, no cell is in coverage
[2026-02-09 08:10:26.399] [rrc] [error] Cell selection failure, no suitable or acceptable cell found
[2026-02-09 08:10:36.212] [nas] [error] PLMN selection failure, no cells in coverage
[2026-02-09 08:10:56.411] [rrc] [warning] Acceptable cell selection failed, no cell is in coverage
[2026-02-09 08:10:56.411] [rrc] [error] Cell selection failure, no suitable or acceptable cell found
[2026-02-09 08:11:07.040] [nas] [error] PLMN selection failure, no cells in coverage
[2026-02-09 08:11:26.423] [rrc] [warning] Acceptable cell selection failed, no cell is in coverage
[2026-02-09 08:11:26.423] [rrc] [error] Cell selection failure, no suitable or acceptable cell found
[2026-02-09 08:11:37.868] [nas] [error] PLMN selection failure, no cells in coverage
[2026-02-09 08:11:56.435] [rrc] [warning] Acceptable cell selection failed, no cell is in coverage
[2026-02-09 08:11:56.435] [rrc] [error] Cell selection failure, no suitable or acceptable cell found
[2026-02-09 08:12:08.696] [nas] [error] PLMN selection failure, no cells in coverage
[2026-02-09 08:12:26.447] [rrc] [warning] Acceptable cell selection failed, no cell is in coverage
[2026-02-09 08:12:26.447] [rrc] [error] Cell selection failure, no suitable or acceptable cell found
[2026-02-09 08:12:39.524] [nas] [error] PLMN selection failure, no cells in coverage
[2026-02-09 08:12:56.459] [rrc] [warning] Acceptable cell selection failed, no cell is in coverage
[2026-02-09 08:12:56.459] [rrc] [error] Cell selection failure, no suitable or acceptable cell found
[2026-02-09 08:13:10.352] [nas] [error] PLMN selection failure, no cells in coverage
[2026-02-09 08:13:26.471] [rrc] [warning] Acceptable cell selection failed, no cell is in coverage
[2026-02-09 08:13:26.471] [rrc] [error] Cell selection failure, no suitable or acceptable cell found
[2026-02-09 08:13:41.180] [nas] [error] PLMN selection failure, no cells in coverage
[2026-02-09 08:13:56.483] [rrc] [warning] Acceptable cell selection failed, no cell is in coverage
[2026-02-09 08:13:56.483] [rrc] [error] Cell selection failure, no suitable or acceptable cell found
[2026-02-09 08:14:12.008] [nas] [error] PLMN selection failure, no cells in coverage
[2026-02-09 08:14:26.495] [rrc] [warning] Acceptable cell selection failed, no cell is in coverage
[2026-02-09 08:14:26.495] [rrc] [error] Cell selection failure, no suitable or acceptable cell found
[2026-02-09 08:14:42.838] [nas] [error] PLMN selection failure, no cells in coverage
[2026-02-09 08:14:56.507] [rrc] [warning] Acceptable cell selection failed, no cell is in coverage
[2026-02-09 08:14:56.507] [rrc] [error] Cell selection failure, no suitable or acceptable cell found
[2026-02-09 08:15:13.666] [nas] [error] PLMN selection failure, no cells in coverage
[2026-02-09 08:15:26.519] [rrc] [warning] Acceptable cell selection failed, no cell is in coverage
[2026-02-09 08:15:26.519] [rrc] [error] Cell selection failure, no suitable or acceptable cell found
[2026-02-09 08:15:44.494] [nas] [error] PLMN selection failure, no cells in coverage
[2026-02-09 08:15:56.531] [rrc] [warning] Acceptable cell selection failed, no cell is in coverage
[2026-02-09 08:15:56.531] [rrc] [error] Cell selection failure, no suitable or acceptable cell found
[2026-02-09 08:16:15.322] [nas] [error] PLMN selection failure, no cells in coverage
[2026-02-09 08:16:26.543] [rrc] [warning] Acceptable cell selection failed, no cell is in coverage
[2026-02-09 08:16:26.543] [rrc] [error] Cell selection failure, no suitable or acceptable cell found
[2026-02-09 08:16:46.150] [nas] [error] PLMN selection failure, no cells in coverage
[2026-02-09 08:16:56.555] [rrc] [warning] Acceptable cell selection failed, no cell is in coverage
[2026-02-09 08:16:56.555] [rrc] [error] Cell selection failure, no suitable or acceptable cell found
[2026-02-09 08:17:16.978] [nas] [error] PLMN selection failure, no cells in coverage
[2026-02-09 08:17:26.567] [rrc] [warning] Acceptable cell selection failed, no cell is in coverage
[2026-02-09 08:17:26.567] [rrc] [error] Cell selection failure, no suitable or acceptable cell found
[2026-02-09 08:17:47.806] [nas] [error] PLMN selection failure, no cells in coverage
[2026-02-09 08:17:56.579] [rrc] [warning] Acceptable cell selection failed, no cell is in coverage
[2026-02-09 08:17:56.579] [rrc] [error] Cell selection failure, no suitable or acceptable cell found
[2026-02-09 08:18:18.634] [nas] [error] PLMN selection failure, no cells in coverage
[2026-02-09 08:18:26.591] [rrc] [warning] Acceptable cell selection failed, no cell is in coverage
[2026-02-09 08:18:26.591] [rrc] [error] Cell selection failure, no suitable or acceptable cell found
[2026-02-09 08:18:49.462] [nas] [error] PLMN selection failure, no cells in coverage
[2026-02-09 08:18:56.603] [rrc] [warning] Acceptable cell selection failed, no cell is in coverage
[2026-02-09 08:18:56.603] [rrc] [error] Cell selection failure, no suitable or acceptable cell found
[2026-02-09 08:19:20.290] [nas] [error] PLMN selection failure, no cells in coverage
[2026-02-09 08:19:26.615] [rrc] [warning] Acceptable cell selection failed, no cell is in coverage
[2026-02-09 08:19:26.615] [rrc] [error] Cell selection failure, no suitable or acceptable cell found
[2026-02-09 08:19:51.118] [nas] [error] PLMN selection failure, no cells in coverage
[2026-02-09 08:19:56.627] [rrc] [warning] Acceptable cell selection failed, no cell is in coverage
[2026-02-09 08:19:56.627] [rrc] [error] Cell selection failure, no suitable or acceptable cell found
[2026-02-09 08:20:21.946] [nas] [error] PLMN selection failure, no cells in coverage
[2026-02-09 08:20:26.639] [rrc] [warning] Acceptable cell selection failed, no cell is in coverage
[2026-02-09 08:20:26.639] [rrc] [error] Cell selection failure, no suitable or acceptable cell found
[2026-02-09 08:20:52.776] [nas] [error] PLMN selection failure, no cells in coverage
[2026-02-09 08:20:56.651] [rrc] [warning] Acceptable cell selection failed, no cell is in coverage
[2026-02-09 08:20:56.651] [rrc] [error] Cell selection failure, no suitable or acceptable cell found
[2026-02-09 08:21:23.604] [nas] [error] PLMN selection failure, no cells in coverage
[2026-02-09 08:21:26.663] [rrc] [warning] Acceptable cell selection failed, no cell is in coverage
[2026-02-09 08:21:26.663] [rrc] [error] Cell selection failure, no suitable or acceptable cell found
[2026-02-09 08:21:54.432] [nas] [error] PLMN selection failure, no cells in coverage
[2026-02-09 08:21:56.675] [rrc] [warning] Acceptable cell selection failed, no cell is in coverage
[2026-02-09 08:21:56.675] [rrc] [error] Cell selection failure, no suitable or acceptable cell found
[2026-02-09 08:22:25.260] [nas] [error] PLMN selection failure, no cells in coverage
[2026-02-09 08:22:26.687] [rrc] [warning] Acceptable cell selection failed, no cell is in coverage
[2026-02-09 08:22:26.687] [rrc] [error] Cell selection failure, no suitable or acceptable cell found
[2026-02-09 08:22:56.088] [nas] [error] PLMN selection failure, no cells in coverage
[2026-02-09 08:22:56.699] [rrc] [warning] Acceptable cell selection failed, no cell is in coverage
[2026-02-09 08:22:56.699] [rrc] [error] Cell selection failure, no suitable or acceptable cell found
[2026-02-09 08:23:26.711] [rrc] [warning] Acceptable cell selection failed, no cell is in coverage
[2026-02-09 08:23:26.711] [rrc] [error] Cell selection failure, no suitable or acceptable cell found
[2026-02-09 08:23:26.916] [nas] [error] PLMN selection failure, no cells in coverage
[2026-02-09 08:23:56.723] [rrc] [warning] Acceptable cell selection failed, no cell is in coverage
[2026-02-09 08:23:56.723] [rrc] [error] Cell selection failure, no suitable or acceptable cell found
[2026-02-09 08:23:57.744] [nas] [error] PLMN selection failure, no cells in coverage
[2026-02-09 08:24:26.735] [rrc] [warning] Acceptable cell selection failed, no cell is in coverage
[2026-02-09 08:24:26.735] [rrc] [error] Cell selection failure, no suitable or acceptable cell found
[2026-02-09 08:24:28.572] [nas] [error] PLMN selection failure, no cells in coverage
[2026-02-09 08:24:56.747] [rrc] [warning] Acceptable cell selection failed, no cell is in coverage
[2026-02-09 08:24:56.747] [rrc] [error] Cell selection failure, no suitable or acceptable cell found
[2026-02-09 08:24:59.400] [nas] [error] PLMN selection failure, no cells in coverage
[2026-02-09 08:25:26.759] [rrc] [warning] Acceptable cell selection failed, no cell is in coverage
[2026-02-09 08:25:26.759] [rrc] [error] Cell selection failure, no suitable or acceptable cell found
[2026-02-09 08:25:30.228] [nas] [error] PLMN selection failure, no cells in coverage
[2026-02-09 08:25:56.771] [rrc] [warning] Acceptable cell selection failed, no cell is in coverage
[2026-02-09 08:25:56.771] [rrc] [error] Cell selection failure, no suitable or acceptable cell found
[2026-02-09 08:26:01.056] [nas] [error] PLMN selection failure, no cells in coverage
[2026-02-09 08:26:26.783] [rrc] [warning] Acceptable cell selection failed, no cell is in coverage
[2026-02-09 08:26:26.783] [rrc] [error] Cell selection failure, no suitable or acceptable cell found
[2026-02-09 08:26:31.884] [nas] [error] PLMN selection failure, no cells in coverage
[2026-02-09 08:26:56.795] [rrc] [warning] Acceptable cell selection failed, no cell is in coverage
[2026-02-09 08:26:56.795] [rrc] [error] Cell selection failure, no suitable or acceptable cell found
[2026-02-09 08:27:02.712] [nas] [error] PLMN selection failure, no cells in coverage
[2026-02-09 08:27:26.807] [rrc] [warning] Acceptable cell selection failed, no cell is in coverage
[2026-02-09 08:27:26.807] [rrc] [error] Cell selection failure, no suitable or acceptable cell found
[2026-02-09 08:27:33.540] [nas] [error] PLMN selection failure, no cells in coverage
[2026-02-09 08:27:56.819] [rrc] [warning] Acceptable cell selection failed, no cell is in coverage
[2026-02-09 08:27:56.819] [rrc] [error] Cell selection failure, no suitable or acceptable cell found
[2026-02-09 08:28:04.368] [nas] [error] PLMN selection failure, no cells in coverage
[2026-02-09 08:28:26.831] [rrc] [warning] Acceptable cell selection failed, no cell is in coverage
[2026-02-09 08:28:26.831] [rrc] [error] Cell selection failure, no suitable or acceptable cell found
[2026-02-09 08:28:35.196] [nas] [error] PLMN selection failure, no cells in coverage
[2026-02-09 08:28:56.843] [rrc] [warning] Acceptable cell selection failed, no cell is in coverage
[2026-02-09 08:28:56.843] [rrc] [error] Cell selection failure, no suitable or acceptable cell found
[2026-02-09 08:29:06.025] [nas] [error] PLMN selection failure, no cells in coverage
[2026-02-09 08:29:26.855] [rrc] [warning] Acceptable cell selection failed, no cell is in coverage
[2026-02-09 08:29:26.855] [rrc] [error] Cell selection failure, no suitable or acceptable cell found
[2026-02-09 08:29:36.853] [nas] [error] PLMN selection failure, no cells in coverage
[2026-02-09 08:29:56.867] [rrc] [warning] Acceptable cell selection failed, no cell is in coverage
[2026-02-09 08:29:56.867] [rrc] [error] Cell selection failure, no suitable or acceptable cell found
[2026-02-09 08:30:07.681] [nas] [error] PLMN selection failure, no cells in coverage
[2026-02-09 08:30:26.879] [rrc] [warning] Acceptable cell selection failed, no cell is in coverage
[2026-02-09 08:30:26.879] [rrc] [error] Cell selection failure, no suitable or acceptable cell found
[2026-02-09 08:30:38.509] [nas] [error] PLMN selection failure, no cells in coverage
[2026-02-09 08:30:56.891] [rrc] [warning] Acceptable cell selection failed, no cell is in coverage
[2026-02-09 08:30:56.891] [rrc] [error] Cell selection failure, no suitable or acceptable cell found
[2026-02-09 08:31:09.337] [nas] [error] PLMN selection failure, no cells in coverage
[2026-02-09 08:31:26.903] [rrc] [warning] Acceptable cell selection failed, no cell is in coverage
[2026-02-09 08:31:26.903] [rrc] [error] Cell selection failure, no suitable or acceptable cell found
[2026-02-09 08:31:40.165] [nas] [error] PLMN selection failure, no cells in coverage
[2026-02-09 08:31:56.915] [rrc] [warning] Acceptable cell selection failed, no cell is in coverage
[2026-02-09 08:31:56.915] [rrc] [error] Cell selection failure, no suitable or acceptable cell found
[2026-02-09 08:32:10.993] [nas] [error] PLMN selection failure, no cells in coverage
[2026-02-09 08:32:26.927] [rrc] [warning] Acceptable cell selection failed, no cell is in coverage
[2026-02-09 08:32:26.927] [rrc] [error] Cell selection failure, no suitable or acceptable cell found
[2026-02-09 08:32:41.821] [nas] [error] PLMN selection failure, no cells in coverage
[2026-02-09 08:32:56.939] [rrc] [warning] Acceptable cell selection failed, no cell is in coverage
[2026-02-09 08:32:56.939] [rrc] [error] Cell selection failure, no suitable or acceptable cell found
[2026-02-09 08:33:12.649] [nas] [error] PLMN selection failure, no cells in coverage
[2026-02-09 08:33:26.951] [rrc] [warning] Acceptable cell selection failed, no cell is in coverage
[2026-02-09 08:33:26.951] [rrc] [error] Cell selection failure, no suitable or acceptable cell found
[2026-02-09 08:33:43.477] [nas] [error] PLMN selection failure, no cells in coverage
[2026-02-09 08:33:56.963] [rrc] [warning] Acceptable cell selection failed, no cell is in coverage
[2026-02-09 08:33:56.963] [rrc] [error] Cell selection failure, no suitable or acceptable cell found
[2026-02-09 08:34:14.305] [nas] [error] PLMN selection failure, no cells in coverage
[2026-02-09 08:34:26.975] [rrc] [warning] Acceptable cell selection failed, no cell is in coverage
[2026-02-09 08:34:26.975] [rrc] [error] Cell selection failure, no suitable or acceptable cell found
[2026-02-09 08:34:45.133] [nas] [error] PLMN selection failure, no cells in coverage
[2026-02-09 08:34:56.987] [rrc] [warning] Acceptable cell selection failed, no cell is in coverage
[2026-02-09 08:34:56.987] [rrc] [error] Cell selection failure, no suitable or acceptable cell found
[2026-02-09 08:35:15.961] [nas] [error] PLMN selection failure, no cells in coverage
[2026-02-09 08:35:26.999] [rrc] [warning] Acceptable cell selection failed, no cell is in coverage
[2026-02-09 08:35:26.999] [rrc] [error] Cell selection failure, no suitable or acceptable cell found
[2026-02-09 08:35:46.789] [nas] [error] PLMN selection failure, no cells in coverage
[2026-02-09 08:35:57.011] [rrc] [warning] Acceptable cell selection failed, no cell is in coverage
[2026-02-09 08:35:57.011] [rrc] [error] Cell selection failure, no suitable or acceptable cell found
[2026-02-09 08:36:17.618] [nas] [error] PLMN selection failure, no cells in coverage
[2026-02-09 08:36:27.023] [rrc] [warning] Acceptable cell selection failed, no cell is in coverage
[2026-02-09 08:36:27.023] [rrc] [error] Cell selection failure, no suitable or acceptable cell found
[2026-02-09 08:36:48.446] [nas] [error] PLMN selection failure, no cells in coverage
[2026-02-09 08:36:57.035] [rrc] [warning] Acceptable cell selection failed, no cell is in coverage
[2026-02-09 08:36:57.035] [rrc] [error] Cell selection failure, no suitable or acceptable cell found
[2026-02-09 08:37:19.274] [nas] [error] PLMN selection failure, no cells in coverage
[2026-02-09 08:37:27.047] [rrc] [warning] Acceptable cell selection failed, no cell is in coverage
[2026-02-09 08:37:27.047] [rrc] [error] Cell selection failure, no suitable or acceptable cell found
[2026-02-09 08:37:50.102] [nas] [error] PLMN selection failure, no cells in coverage
[2026-02-09 08:37:57.059] [rrc] [warning] Acceptable cell selection failed, no cell is in coverage
[2026-02-09 08:37:57.059] [rrc] [error] Cell selection failure, no suitable or acceptable cell found
[2026-02-09 08:38:20.930] [nas] [error] PLMN selection failure, no cells in coverage
[2026-02-09 08:38:27.071] [rrc] [warning] Acceptable cell selection failed, no cell is in coverage
[2026-02-09 08:38:27.071] [rrc] [error] Cell selection failure, no suitable or acceptable cell found
[2026-02-09 08:38:51.758] [nas] [error] PLMN selection failure, no cells in coverage
[2026-02-09 08:38:57.083] [rrc] [warning] Acceptable cell selection failed, no cell is in coverage
[2026-02-09 08:38:57.083] [rrc] [error] Cell selection failure, no suitable or acceptable cell found
[2026-02-09 08:39:22.586] [nas] [error] PLMN selection failure, no cells in coverage
[2026-02-09 08:39:27.095] [rrc] [warning] Acceptable cell selection failed, no cell is in coverage
[2026-02-09 08:39:27.095] [rrc] [error] Cell selection failure, no suitable or acceptable cell found
[2026-02-09 08:39:53.414] [nas] [error] PLMN selection failure, no cells in coverage
[2026-02-09 08:39:57.107] [rrc] [warning] Acceptable cell selection failed, no cell is in coverage
[2026-02-09 08:39:57.107] [rrc] [error] Cell selection failure, no suitable or acceptable cell found
[2026-02-09 08:40:24.242] [nas] [error] PLMN selection failure, no cells in coverage
[2026-02-09 08:40:27.119] [rrc] [warning] Acceptable cell selection failed, no cell is in coverage
[2026-02-09 08:40:27.119] [rrc] [error] Cell selection failure, no suitable or acceptable cell found
[2026-02-09 08:40:55.070] [nas] [error] PLMN selection failure, no cells in coverage
[2026-02-09 08:40:57.131] [rrc] [warning] Acceptable cell selection failed, no cell is in coverage
[2026-02-09 08:40:57.131] [rrc] [error] Cell selection failure, no suitable or acceptable cell found
[2026-02-09 08:41:25.898] [nas] [error] PLMN selection failure, no cells in coverage
[2026-02-09 08:41:27.143] [rrc] [warning] Acceptable cell selection failed, no cell is in coverage
[2026-02-09 08:41:27.143] [rrc] [error] Cell selection failure, no suitable or acceptable cell found
[2026-02-09 08:41:56.726] [nas] [error] PLMN selection failure, no cells in coverage
[2026-02-09 08:41:57.155] [rrc] [warning] Acceptable cell selection failed, no cell is in coverage
[2026-02-09 08:41:57.155] [rrc] [error] Cell selection failure, no suitable or acceptable cell found
[2026-02-09 08:42:27.167] [rrc] [warning] Acceptable cell selection failed, no cell is in coverage
[2026-02-09 08:42:27.167] [rrc] [error] Cell selection failure, no suitable or acceptable cell found
[2026-02-09 08:42:27.554] [nas] [error] PLMN selection failure, no cells in coverage
[2026-02-09 08:42:57.179] [rrc] [warning] Acceptable cell selection failed, no cell is in coverage
[2026-02-09 08:42:57.179] [rrc] [error] Cell selection failure, no suitable or acceptable cell found
[2026-02-09 08:42:58.382] [nas] [error] PLMN selection failure, no cells in coverage
