UERANSIM v3.2.6
[2024-12-21 18:04:33.699] [nas] [info] UE switches to state [MM-DEREGISTERED/PLMN-SEARCH]
[2024-12-21 18:04:33.712] [rrc] [debug] New signal detected for cell[1], total [1] cells in coverage
[2024-12-21 18:04:33.713] [nas] [info] Selected plmn[001/01]
[2024-12-21 18:04:33.713] [rrc] [info] Selected cell plmn[001/01] tac[1] category[SUITABLE]
[2024-12-21 18:04:33.713] [nas] [info] UE switches to state [MM-DEREGISTERED/PS]
[2024-12-21 18:04:33.713] [nas] [info] UE switches to state [MM-DEREGISTERED/NORMAL-SERVICE]
[2024-12-21 18:04:33.713] [nas] [debug] Initial registration required due to [MM-DEREG-NORMAL-SERVICE]
[2024-12-21 18:04:33.713] [nas] [debug] UAC access attempt is allowed for identity[0], category[MO_sig]
[2024-12-21 18:04:33.713] [nas] [debug] Sending Initial Registration
[2024-12-21 18:04:33.713] [nas] [info] UE switches to state [MM-REGISTER-INITIATED]
[2024-12-21 18:04:33.713] [rrc] [debug] Sending RRC Setup Request
[2024-12-21 18:04:33.719] [rrc] [info] RRC connection established
[2024-12-21 18:04:33.719] [rrc] [info] UE switches to state [RRC-CONNECTED]
[2024-12-21 18:04:33.719] [nas] [info] UE switches to state [CM-CONNECTED]
[2024-12-21 18:04:33.977] [nas] [debug] Authentication Request received
[2024-12-21 18:04:33.977] [nas] [debug] Sending Authentication Failure due to SQN out of range
[2024-12-21 18:04:34.243] [nas] [debug] Authentication Request received
[2024-12-21 18:04:34.578] [nas] [debug] Security Mode Command received
[2024-12-21 18:04:34.579] [nas] [debug] Selected integrity[2] ciphering[0]
[2024-12-21 18:04:34.723] [nas] [debug] Registration accept received
[2024-12-21 18:04:34.723] [nas] [info] UE switches to state [MM-REGISTERED/NORMAL-SERVICE]
[2024-12-21 18:04:34.723] [nas] [debug] Sending Registration Complete
[2024-12-21 18:04:34.723] [nas] [info] Initial Registration is successful
[2024-12-21 18:04:34.723] [nas] [debug] Sending PDU Session Establishment Request
[2024-12-21 18:04:34.723] [nas] [debug] UAC access attempt is allowed for identity[0], category[MO_sig]
[2024-12-21 18:04:34.723] [nas] [debug] Sending PDU Session Establishment Request
[2024-12-21 18:04:34.723] [nas] [debug] UAC access attempt is allowed for identity[0], category[MO_sig]
[2024-12-21 18:04:35.187] [nas] [debug] Configuration Update Command received
[2024-12-21 18:04:35.211] [nas] [debug] PDU Session Establishment Accept received
[2024-12-21 18:04:35.211] [nas] [info] PDU Session establishment is successful PSI[1]
[2024-12-21 18:04:35.230] [app] [info] Connection setup for PDU session[1] is successful, TUN interface[uesimtun2, 10.45.0.5] is up.
[2024-12-21 18:04:35.315] [nas] [debug] PDU Session Establishment Accept received
[2024-12-21 18:04:35.316] [nas] [info] PDU Session establishment is successful PSI[2]
[2024-12-21 18:04:35.335] [app] [info] Connection setup for PDU session[2] is successful, TUN interface[uesimtun3, 10.46.0.5] is up.
[2024-12-21 18:11:45.434] [rrc] [debug] Signal lost for cell[1], total [0] cells in coverage
[2024-12-21 18:11:45.434] [nas] [error] Radio link failure detected
[2024-12-21 18:11:45.434] [nas] [info] UE switches to state [CM-IDLE]
[2024-12-21 18:11:45.434] [nas] [info] UE switches to state [MM-REGISTERED/PS]
[2024-12-21 18:11:45.434] [nas] [info] UE switches to state [MM-REGISTERED/PLMN-SEARCH]
[2024-12-21 18:11:45.434] [nas] [error] PLMN selection failure, no cells in coverage
