Open5GS daemon v2.4.4

03/05 16:59:35.523: [app] INFO: Configuration: '/open5gs/install/etc/open5gs/amf.yaml' (../lib/app/ogs-init.c:129)
03/05 16:59:35.525: [app] INFO: File Logging: '/mnt/log/amf.log' (../lib/app/ogs-init.c:132)
03/05 16:59:35.546: [sbi] INFO: nghttp2_server() [127.0.0.5]:7777 (../lib/sbi/nghttp2-server.c:144)
03/05 16:59:35.550: [amf] INFO: ngap_server() [192.168.0.200]:38412 (../src/amf/ngap-sctp.c:53)
03/05 16:59:35.554: [sctp] INFO: AMF initialize...done (../src/amf/app.c:33)
03/05 16:59:35.567: [amf] INFO: [beb347a0-db11-41ee-ab34-0930495d73e4] NF registred [Heartbeat:10s] (../src/amf/nf-sm.c:198)
03/05 16:59:35.588: [amf] INFO: gNB-N2 accepted[192.168.0.200]:32824 in ng-path module (../src/amf/ngap-sctp.c:105)
03/05 16:59:35.589: [amf] INFO: gNB-N2 accepted[192.168.0.200] in master_sm module (../src/amf/amf-sm.c:619)
03/05 16:59:35.590: [amf] INFO: [GNB] max_num_of_ostreams : 30 (../src/amf/context.c:854)
03/05 16:59:35.591: [amf] INFO: [Added] Number of gNBs is now 1 (../src/amf/context.c:869)
03/05 16:59:35.594: [amf] INFO: gNB-N2[192.168.0.200] connection refused!!! (../src/amf/amf-sm.c:668)
03/05 16:59:35.595: [amf] INFO: [Removed] Number of gNBs is now 0 (../src/amf/context.c:897)
03/05 16:59:35.889: [amf] INFO: [bebe9ea2-db11-41ee-ada5-a58821859742] (NRF-notify) NF registered (../src/amf/nnrf-handler.c:182)
03/05 16:59:35.889: [amf] INFO: [bebe9ea2-db11-41ee-ada5-a58821859742] (NRF-notify) NF Profile updated (../src/amf/nnrf-handler.c:201)
03/05 16:59:38.206: [amf] INFO: gNB-N2 accepted[192.168.0.199]:52839 in ng-path module (../src/amf/ngap-sctp.c:105)
03/05 16:59:38.207: [amf] INFO: gNB-N2 accepted[192.168.0.199] in master_sm module (../src/amf/amf-sm.c:619)
03/05 16:59:38.207: [amf] INFO: [GNB] max_num_of_ostreams : 30 (../src/amf/context.c:854)
03/05 16:59:38.207: [amf] INFO: [Added] Number of gNBs is now 1 (../src/amf/context.c:869)
03/05 16:59:55.718: [amf] INFO: InitialUEMessage (../src/amf/ngap-handler.c:361)
03/05 16:59:55.719: [amf] INFO: [Added] Number of gNB-UEs is now 1 (../src/amf/context.c:2064)
03/05 16:59:55.720: [amf] INFO:     RAN_UE_NGAP_ID[1] AMF_UE_NGAP_ID[1] TAC[1] CellID[0x10] (../src/amf/ngap-handler.c:497)
03/05 16:59:55.723: [amf] INFO: [suci-0-001-01-0000-0-0-0000001001] Unknown UE by SUCI (../src/amf/context.c:1390)
03/05 16:59:55.723: [amf] INFO: [Added] Number of AMF-UEs is now 1 (../src/amf/context.c:1189)
03/05 16:59:55.726: [gmm] INFO: Registration request (../src/amf/gmm-sm.c:134)
03/05 16:59:55.726: [gmm] INFO: [suci-0-001-01-0000-0-0-0000001001]    SUCI (../src/amf/gmm-handler.c:157)
03/05 16:59:55.727: [app] WARNING: Try to discover [AUSF] (../lib/sbi/path.c:110)
03/05 16:59:55.729: [amf] INFO: [bea7cba0-db11-41ee-a9e2-7796b300f6c0] (NF-discover) NF registered (../src/amf/nnrf-handler.c:342)
03/05 16:59:55.729: [amf] INFO: [bea7cba0-db11-41ee-a9e2-7796b300f6c0] (NF-discover) NF Profile updated (../src/amf/nnrf-handler.c:402)
03/05 16:59:55.872: [gmm] WARNING: Authentication failure(Synch failure) (../src/amf/gmm-sm.c:548)
03/05 16:59:56.145: [app] WARNING: Try to discover [UDM] (../lib/sbi/path.c:110)
03/05 16:59:56.146: [amf] INFO: [bea8336a-db11-41ee-846a-3f55e9b5f5f5] (NF-discover) NF registered (../src/amf/nnrf-handler.c:342)
03/05 16:59:56.147: [amf] INFO: [bea8336a-db11-41ee-846a-3f55e9b5f5f5] (NF-discover) NF Profile updated (../src/amf/nnrf-handler.c:402)
03/05 16:59:56.158: [app] WARNING: Try to discover [PCF] (../lib/sbi/path.c:110)
03/05 16:59:56.159: [amf] INFO: [beb260f6-db11-41ee-a5fc-9be1f79e65f3] (NF-discover) NF registered (../src/amf/nnrf-handler.c:342)
03/05 16:59:56.159: [amf] INFO: [beb260f6-db11-41ee-a5fc-9be1f79e65f3] (NF-discover) NF Profile updated (../src/amf/nnrf-handler.c:402)
03/05 16:59:56.644: [gmm] INFO: [imsi-001010000001001] Registration complete (../src/amf/gmm-sm.c:1063)
03/05 16:59:56.645: [amf] INFO: [imsi-001010000001001] Configuration update command (../src/amf/nas-path.c:389)
03/05 16:59:56.645: [gmm] INFO:     UTC [2024-03-05T16:59:56] Timezone[0]/DST[0] (../src/amf/gmm-build.c:502)
03/05 16:59:56.645: [gmm] INFO:     LOCAL [2024-03-05T16:59:56] Timezone[0]/DST[0] (../src/amf/gmm-build.c:507)
03/05 16:59:56.646: [amf] INFO: [Added] Number of AMF-Sessions is now 1 (../src/amf/context.c:2076)
03/05 16:59:56.646: [gmm] INFO: UE SUPI[imsi-001010000001001] DNN[cld] S_NSSAI[SST:1 SD:0x1] (../src/amf/gmm-handler.c:1047)
03/05 16:59:56.649: [amf] INFO: [Added] Number of AMF-Sessions is now 2 (../src/amf/context.c:2076)
03/05 16:59:56.650: [gmm] INFO: UE SUPI[imsi-001010000001001] DNN[mec] S_NSSAI[SST:1 SD:0x1] (../src/amf/gmm-handler.c:1047)
