UERANSIM v3.2.6
[2024-03-05 16:59:55.619] [nas] [info] UE switches to state [MM-DEREGISTERED/PLMN-SEARCH]
[2024-03-05 16:59:55.620] [rrc] [debug] New signal detected for cell[1], total [1] cells in coverage
[2024-03-05 16:59:55.625] [nas] [info] Selected plmn[001/01]
[2024-03-05 16:59:55.626] [rrc] [info] Selected cell plmn[001/01] tac[1] category[SUITABLE]
[2024-03-05 16:59:55.627] [nas] [info] UE switches to state [MM-DEREGISTERED/PS]
[2024-03-05 16:59:55.627] [nas] [info] UE switches to state [MM-DEREGISTERED/NORMAL-SERVICE]
[2024-03-05 16:59:55.627] [nas] [debug] Initial registration required due to [MM-DEREG-NORMAL-SERVICE]
[2024-03-05 16:59:55.632] [nas] [debug] UAC access attempt is allowed for identity[0], category[MO_sig]
[2024-03-05 16:59:55.638] [nas] [debug] Sending Initial Registration
[2024-03-05 16:59:55.643] [nas] [info] UE switches to state [MM-REGISTER-INITIATED]
[2024-03-05 16:59:55.643] [rrc] [debug] Sending RRC Setup Request
[2024-03-05 16:59:55.645] [rrc] [info] RRC connection established
[2024-03-05 16:59:55.645] [rrc] [info] UE switches to state [RRC-CONNECTED]
[2024-03-05 16:59:55.646] [nas] [info] UE switches to state [CM-CONNECTED]
[2024-03-05 16:59:55.806] [nas] [debug] Authentication Request received
[2024-03-05 16:59:55.809] [nas] [debug] Sending Authentication Failure due to SQN out of range
[2024-03-05 16:59:55.944] [nas] [debug] Authentication Request received
[2024-03-05 16:59:56.078] [nas] [debug] Security Mode Command received
[2024-03-05 16:59:56.078] [nas] [debug] Selected integrity[2] ciphering[0]
[2024-03-05 16:59:56.245] [nas] [debug] Registration accept received
[2024-03-05 16:59:56.245] [nas] [info] UE switches to state [MM-REGISTERED/NORMAL-SERVICE]
[2024-03-05 16:59:56.245] [nas] [debug] Sending Registration Complete
[2024-03-05 16:59:56.245] [nas] [info] Initial Registration is successful
[2024-03-05 16:59:56.246] [nas] [debug] Sending PDU Session Establishment Request
[2024-03-05 16:59:56.246] [nas] [debug] UAC access attempt is allowed for identity[0], category[MO_sig]
[2024-03-05 16:59:56.247] [nas] [debug] Sending PDU Session Establishment Request
[2024-03-05 16:59:56.259] [nas] [debug] UAC access attempt is allowed for identity[0], category[MO_sig]
[2024-03-05 16:59:56.710] [nas] [debug] Configuration Update Command received
[2024-03-05 16:59:56.760] [nas] [debug] PDU Session Establishment Accept received
[2024-03-05 16:59:56.761] [nas] [info] PDU Session establishment is successful PSI[1]
[2024-03-05 16:59:56.794] [app] [info] Connection setup for PDU session[1] is successful, TUN interface[uesimtun0, 10.1.0.2] is up.
[2024-03-05 16:59:56.869] [nas] [debug] PDU Session Establishment Accept received
[2024-03-05 16:59:56.869] [nas] [info] PDU Session establishment is successful PSI[2]
[2024-03-05 16:59:56.887] [app] [info] Connection setup for PDU session[2] is successful, TUN interface[uesimtun1, 10.2.0.2] is up.
