Open5GS daemon v2.4.4

05/18 09:16:11.449: [app] INFO: Configuration: '/open5gs/install/etc/open5gs/amf.yaml' (../lib/app/ogs-init.c:129)
05/18 09:16:11.450: [app] INFO: File Logging: '/open5gs/install/var/log/open5gs/amf.log' (../lib/app/ogs-init.c:132)
05/18 09:16:11.473: [sbi] INFO: nghttp2_server() [127.0.0.5]:7777 (../lib/sbi/nghttp2-server.c:144)
05/18 09:16:11.526: [sock] ERROR: socket bind(2) [192.168.0.111]:38412 failed (99:Cannot assign requested address) (../lib/core/ogs-socket.c:109)
05/18 09:16:11.527: [sock] ERROR: sctp_server() [192.168.0.111]:38412 failed (99:Cannot assign requested address) (../lib/sctp/ogs-lksctp.c:99)
05/18 09:16:11.527: [sctp] ERROR: Failed to intialize AMF (../src/amf/app.c:30)
05/18 09:16:11.527: [app] FATAL: Open5GS initialization failed. Aborted (../src/main.c:219)
Open5GS daemon v2.4.4

05/18 09:21:53.449: [app] INFO: Configuration: '/open5gs/install/etc/open5gs/amf.yaml' (../lib/app/ogs-init.c:129)
05/18 09:21:53.450: [app] INFO: File Logging: '/open5gs/install/var/log/open5gs/amf.log' (../lib/app/ogs-init.c:132)
05/18 09:21:53.467: [sbi] INFO: nghttp2_server() [127.0.0.5]:7777 (../lib/sbi/nghttp2-server.c:144)
05/18 09:21:53.488: [amf] INFO: ngap_server() [192.168.0.111]:38412 (../src/amf/ngap-sctp.c:53)
05/18 09:21:53.493: [sctp] INFO: AMF initialize...done (../src/amf/app.c:33)
05/18 09:21:53.502: [amf] INFO: [1096b3ca-14f8-41ef-afef-5d6ac3464dc2] NF registred [Heartbeat:10s] (../src/amf/nf-sm.c:198)
05/18 09:21:53.607: [amf] INFO: [10a0d242-14f8-41ef-a17c-333195e4e22a] (NRF-notify) NF registered (../src/amf/nnrf-handler.c:182)
05/18 09:21:53.607: [amf] INFO: [10a0d242-14f8-41ef-a17c-333195e4e22a] (NRF-notify) NF Profile updated (../src/amf/nnrf-handler.c:201)
05/18 09:22:09.959: [amf] INFO: gNB-N2 accepted[192.168.0.131]:38721 in ng-path module (../src/amf/ngap-sctp.c:105)
05/18 09:22:09.960: [amf] INFO: gNB-N2 accepted[192.168.0.131] in master_sm module (../src/amf/amf-sm.c:619)
05/18 09:22:09.960: [amf] INFO: [GNB] max_num_of_ostreams : 30 (../src/amf/context.c:854)
05/18 09:22:09.961: [amf] INFO: [Added] Number of gNBs is now 1 (../src/amf/context.c:869)
05/18 09:22:15.738: [amf] INFO: InitialUEMessage (../src/amf/ngap-handler.c:361)
05/18 09:22:15.739: [amf] INFO: [Added] Number of gNB-UEs is now 1 (../src/amf/context.c:2064)
05/18 09:22:15.739: [amf] INFO:     RAN_UE_NGAP_ID[1] AMF_UE_NGAP_ID[1] TAC[1] CellID[0x10] (../src/amf/ngap-handler.c:497)
05/18 09:22:15.740: [amf] INFO: [suci-0-001-01-0000-0-0-1234567904] Unknown UE by SUCI (../src/amf/context.c:1390)
05/18 09:22:15.740: [amf] INFO: [Added] Number of AMF-UEs is now 1 (../src/amf/context.c:1189)
05/18 09:22:15.741: [gmm] INFO: Registration request (../src/amf/gmm-sm.c:134)
05/18 09:22:15.741: [gmm] INFO: [suci-0-001-01-0000-0-0-1234567904]    SUCI (../src/amf/gmm-handler.c:157)
05/18 09:22:15.743: [app] WARNING: Try to discover [AUSF] (../lib/sbi/path.c:110)
05/18 09:22:15.746: [amf] INFO: [1098546e-14f8-41ef-a277-5119c7f30c42] (NF-discover) NF registered (../src/amf/nnrf-handler.c:342)
05/18 09:22:15.747: [amf] INFO: [1098546e-14f8-41ef-a277-5119c7f30c42] (NF-discover) NF Profile updated (../src/amf/nnrf-handler.c:402)
05/18 09:22:15.786: [amf] INFO: InitialUEMessage (../src/amf/ngap-handler.c:361)
05/18 09:22:15.786: [amf] INFO: [Added] Number of gNB-UEs is now 2 (../src/amf/context.c:2064)
05/18 09:22:15.787: [amf] INFO:     RAN_UE_NGAP_ID[2] AMF_UE_NGAP_ID[2] TAC[1] CellID[0x10] (../src/amf/ngap-handler.c:497)
05/18 09:22:15.787: [amf] INFO: [suci-0-001-01-0000-0-0-1234567903] Unknown UE by SUCI (../src/amf/context.c:1390)
05/18 09:22:15.788: [amf] INFO: [Added] Number of AMF-UEs is now 2 (../src/amf/context.c:1189)
05/18 09:22:15.788: [gmm] INFO: Registration request (../src/amf/gmm-sm.c:134)
05/18 09:22:15.789: [gmm] INFO: [suci-0-001-01-0000-0-0-1234567903]    SUCI (../src/amf/gmm-handler.c:157)
05/18 09:22:15.790: [amf] INFO: InitialUEMessage (../src/amf/ngap-handler.c:361)
05/18 09:22:15.791: [amf] INFO: [Added] Number of gNB-UEs is now 3 (../src/amf/context.c:2064)
05/18 09:22:15.792: [amf] INFO:     RAN_UE_NGAP_ID[3] AMF_UE_NGAP_ID[3] TAC[1] CellID[0x10] (../src/amf/ngap-handler.c:497)
05/18 09:22:15.792: [amf] INFO: [suci-0-001-01-0000-0-0-1234567897] Unknown UE by SUCI (../src/amf/context.c:1390)
05/18 09:22:15.793: [amf] INFO: [Added] Number of AMF-UEs is now 3 (../src/amf/context.c:1189)
05/18 09:22:15.793: [gmm] INFO: Registration request (../src/amf/gmm-sm.c:134)
05/18 09:22:15.793: [gmm] INFO: [suci-0-001-01-0000-0-0-1234567897]    SUCI (../src/amf/gmm-handler.c:157)
05/18 09:22:15.798: [amf] INFO: InitialUEMessage (../src/amf/ngap-handler.c:361)
05/18 09:22:15.799: [amf] INFO: [Added] Number of gNB-UEs is now 4 (../src/amf/context.c:2064)
05/18 09:22:15.801: [amf] INFO:     RAN_UE_NGAP_ID[4] AMF_UE_NGAP_ID[4] TAC[1] CellID[0x10] (../src/amf/ngap-handler.c:497)
05/18 09:22:15.801: [amf] INFO: [suci-0-001-01-0000-0-0-1234567896] Unknown UE by SUCI (../src/amf/context.c:1390)
05/18 09:22:15.803: [amf] INFO: [Added] Number of AMF-UEs is now 4 (../src/amf/context.c:1189)
05/18 09:22:15.804: [gmm] INFO: Registration request (../src/amf/gmm-sm.c:134)
05/18 09:22:15.806: [gmm] INFO: [suci-0-001-01-0000-0-0-1234567896]    SUCI (../src/amf/gmm-handler.c:157)
05/18 09:22:15.807: [amf] INFO: InitialUEMessage (../src/amf/ngap-handler.c:361)
05/18 09:22:15.809: [amf] INFO: [Added] Number of gNB-UEs is now 5 (../src/amf/context.c:2064)
05/18 09:22:15.809: [amf] INFO:     RAN_UE_NGAP_ID[5] AMF_UE_NGAP_ID[5] TAC[1] CellID[0x10] (../src/amf/ngap-handler.c:497)
05/18 09:22:15.810: [amf] INFO: [suci-0-001-01-0000-0-0-1234567895] Unknown UE by SUCI (../src/amf/context.c:1390)
05/18 09:22:15.811: [amf] INFO: [Added] Number of AMF-UEs is now 5 (../src/amf/context.c:1189)
05/18 09:22:15.812: [gmm] INFO: Registration request (../src/amf/gmm-sm.c:134)
05/18 09:22:15.814: [gmm] INFO: [suci-0-001-01-0000-0-0-1234567895]    SUCI (../src/amf/gmm-handler.c:157)
05/18 09:22:15.817: [amf] INFO: InitialUEMessage (../src/amf/ngap-handler.c:361)
05/18 09:22:15.820: [amf] INFO: [Added] Number of gNB-UEs is now 6 (../src/amf/context.c:2064)
05/18 09:22:15.820: [amf] INFO:     RAN_UE_NGAP_ID[6] AMF_UE_NGAP_ID[6] TAC[1] CellID[0x10] (../src/amf/ngap-handler.c:497)
05/18 09:22:15.823: [amf] INFO: [suci-0-001-01-0000-0-0-1234567900] Unknown UE by SUCI (../src/amf/context.c:1390)
05/18 09:22:15.824: [amf] INFO: [Added] Number of AMF-UEs is now 6 (../src/amf/context.c:1189)
05/18 09:22:15.826: [gmm] INFO: Registration request (../src/amf/gmm-sm.c:134)
05/18 09:22:15.827: [gmm] INFO: [suci-0-001-01-0000-0-0-1234567900]    SUCI (../src/amf/gmm-handler.c:157)
05/18 09:22:15.829: [amf] INFO: InitialUEMessage (../src/amf/ngap-handler.c:361)
05/18 09:22:15.830: [amf] INFO: [Added] Number of gNB-UEs is now 7 (../src/amf/context.c:2064)
05/18 09:22:15.831: [amf] INFO:     RAN_UE_NGAP_ID[7] AMF_UE_NGAP_ID[7] TAC[1] CellID[0x10] (../src/amf/ngap-handler.c:497)
05/18 09:22:15.831: [amf] INFO: [suci-0-001-01-0000-0-0-1234567898] Unknown UE by SUCI (../src/amf/context.c:1390)
05/18 09:22:15.832: [amf] INFO: [Added] Number of AMF-UEs is now 7 (../src/amf/context.c:1189)
05/18 09:22:15.832: [gmm] INFO: Registration request (../src/amf/gmm-sm.c:134)
05/18 09:22:15.832: [gmm] INFO: [suci-0-001-01-0000-0-0-1234567898]    SUCI (../src/amf/gmm-handler.c:157)
05/18 09:22:15.833: [amf] INFO: InitialUEMessage (../src/amf/ngap-handler.c:361)
05/18 09:22:15.833: [amf] INFO: [Added] Number of gNB-UEs is now 8 (../src/amf/context.c:2064)
05/18 09:22:15.834: [amf] INFO:     RAN_UE_NGAP_ID[8] AMF_UE_NGAP_ID[8] TAC[1] CellID[0x10] (../src/amf/ngap-handler.c:497)
05/18 09:22:15.835: [amf] INFO: [suci-0-001-01-0000-0-0-1234567899] Unknown UE by SUCI (../src/amf/context.c:1390)
05/18 09:22:15.836: [amf] INFO: [Added] Number of AMF-UEs is now 8 (../src/amf/context.c:1189)
05/18 09:22:15.836: [gmm] INFO: Registration request (../src/amf/gmm-sm.c:134)
05/18 09:22:15.837: [gmm] INFO: [suci-0-001-01-0000-0-0-1234567899]    SUCI (../src/amf/gmm-handler.c:157)
05/18 09:22:15.839: [amf] INFO: InitialUEMessage (../src/amf/ngap-handler.c:361)
05/18 09:22:15.842: [amf] INFO: [Added] Number of gNB-UEs is now 9 (../src/amf/context.c:2064)
05/18 09:22:15.842: [amf] INFO:     RAN_UE_NGAP_ID[9] AMF_UE_NGAP_ID[9] TAC[1] CellID[0x10] (../src/amf/ngap-handler.c:497)
05/18 09:22:15.843: [amf] INFO: [suci-0-001-01-0000-0-0-1234567901] Unknown UE by SUCI (../src/amf/context.c:1390)
05/18 09:22:15.845: [amf] INFO: [Added] Number of AMF-UEs is now 9 (../src/amf/context.c:1189)
05/18 09:22:15.845: [gmm] INFO: Registration request (../src/amf/gmm-sm.c:134)
05/18 09:22:15.846: [gmm] INFO: [suci-0-001-01-0000-0-0-1234567901]    SUCI (../src/amf/gmm-handler.c:157)
05/18 09:22:15.848: [amf] INFO: InitialUEMessage (../src/amf/ngap-handler.c:361)
05/18 09:22:15.848: [amf] INFO: [Added] Number of gNB-UEs is now 10 (../src/amf/context.c:2064)
05/18 09:22:15.848: [amf] INFO:     RAN_UE_NGAP_ID[10] AMF_UE_NGAP_ID[10] TAC[1] CellID[0x10] (../src/amf/ngap-handler.c:497)
05/18 09:22:15.850: [amf] INFO: [suci-0-001-01-0000-0-0-1234567902] Unknown UE by SUCI (../src/amf/context.c:1390)
05/18 09:22:15.850: [amf] INFO: [Added] Number of AMF-UEs is now 10 (../src/amf/context.c:1189)
05/18 09:22:15.852: [gmm] INFO: Registration request (../src/amf/gmm-sm.c:134)
05/18 09:22:15.852: [gmm] INFO: [suci-0-001-01-0000-0-0-1234567902]    SUCI (../src/amf/gmm-handler.c:157)
05/18 09:22:15.857: [gmm] WARNING: Authentication failure(Synch failure) (../src/amf/gmm-sm.c:548)
05/18 09:22:15.860: [gmm] WARNING: Authentication failure(Synch failure) (../src/amf/gmm-sm.c:548)
05/18 09:22:15.873: [gmm] WARNING: Authentication failure(Synch failure) (../src/amf/gmm-sm.c:548)
05/18 09:22:15.874: [gmm] WARNING: Authentication failure(Synch failure) (../src/amf/gmm-sm.c:548)
05/18 09:22:15.876: [gmm] WARNING: Authentication failure(Synch failure) (../src/amf/gmm-sm.c:548)
05/18 09:22:15.886: [gmm] WARNING: Authentication failure(Synch failure) (../src/amf/gmm-sm.c:548)
05/18 09:22:15.894: [gmm] WARNING: Authentication failure(Synch failure) (../src/amf/gmm-sm.c:548)
05/18 09:22:15.906: [gmm] WARNING: Authentication failure(Synch failure) (../src/amf/gmm-sm.c:548)
05/18 09:22:15.908: [gmm] WARNING: Authentication failure(Synch failure) (../src/amf/gmm-sm.c:548)
05/18 09:22:15.910: [gmm] WARNING: Authentication failure(Synch failure) (../src/amf/gmm-sm.c:548)
05/18 09:22:15.978: [app] WARNING: Try to discover [UDM] (../lib/sbi/path.c:110)
05/18 09:22:15.979: [app] WARNING: Try to discover [UDM] (../lib/sbi/path.c:110)
05/18 09:22:15.979: [amf] INFO: [1095d25c-14f8-41ef-8af2-411bfd53ed6b] (NF-discover) NF registered (../src/amf/nnrf-handler.c:342)
05/18 09:22:15.980: [amf] INFO: [1095d25c-14f8-41ef-8af2-411bfd53ed6b] (NF-discover) NF Profile updated (../src/amf/nnrf-handler.c:402)
05/18 09:22:15.982: [amf] WARNING: [1095d25c-14f8-41ef-8af2-411bfd53ed6b] (NF-discover) NF has already been added (../src/amf/nnrf-handler.c:347)
05/18 09:22:15.982: [amf] INFO: [1095d25c-14f8-41ef-8af2-411bfd53ed6b] (NF-discover) NF Profile updated (../src/amf/nnrf-handler.c:402)
05/18 09:22:16.000: [app] WARNING: Try to discover [PCF] (../lib/sbi/path.c:110)
05/18 09:22:16.004: [amf] INFO: [10988fb0-14f8-41ef-a75e-1d521ea19b05] (NF-discover) NF registered (../src/amf/nnrf-handler.c:342)
05/18 09:22:16.005: [amf] INFO: [10988fb0-14f8-41ef-a75e-1d521ea19b05] (NF-discover) NF Profile updated (../src/amf/nnrf-handler.c:402)
05/18 09:22:16.052: [gmm] INFO: [imsi-001011234567897] Registration complete (../src/amf/gmm-sm.c:1063)
05/18 09:22:16.053: [amf] INFO: [imsi-001011234567897] Configuration update command (../src/amf/nas-path.c:389)
05/18 09:22:16.053: [gmm] INFO:     UTC [2024-05-18T09:22:16] Timezone[0]/DST[0] (../src/amf/gmm-build.c:502)
05/18 09:22:16.054: [gmm] INFO:     LOCAL [2024-05-18T09:22:16] Timezone[0]/DST[0] (../src/amf/gmm-build.c:507)
05/18 09:22:16.054: [amf] INFO: [Added] Number of AMF-Sessions is now 1 (../src/amf/context.c:2076)
05/18 09:22:16.055: [gmm] INFO: UE SUPI[imsi-001011234567897] DNN[internet] S_NSSAI[SST:1 SD:0x1] (../src/amf/gmm-handler.c:1047)
05/18 09:22:16.082: [gmm] INFO: [imsi-001011234567904] Registration complete (../src/amf/gmm-sm.c:1063)
05/18 09:22:16.083: [amf] INFO: [imsi-001011234567904] Configuration update command (../src/amf/nas-path.c:389)
05/18 09:22:16.084: [gmm] INFO:     UTC [2024-05-18T09:22:16] Timezone[0]/DST[0] (../src/amf/gmm-build.c:502)
05/18 09:22:16.085: [gmm] INFO:     LOCAL [2024-05-18T09:22:16] Timezone[0]/DST[0] (../src/amf/gmm-build.c:507)
05/18 09:22:16.087: [amf] INFO: [Added] Number of AMF-Sessions is now 2 (../src/amf/context.c:2076)
05/18 09:22:16.088: [gmm] INFO: UE SUPI[imsi-001011234567904] DNN[internet] S_NSSAI[SST:1 SD:0x1] (../src/amf/gmm-handler.c:1047)
05/18 09:22:16.092: [gmm] INFO: [imsi-001011234567896] Registration complete (../src/amf/gmm-sm.c:1063)
05/18 09:22:16.092: [amf] INFO: [imsi-001011234567896] Configuration update command (../src/amf/nas-path.c:389)
05/18 09:22:16.092: [gmm] INFO:     UTC [2024-05-18T09:22:16] Timezone[0]/DST[0] (../src/amf/gmm-build.c:502)
05/18 09:22:16.093: [gmm] INFO:     LOCAL [2024-05-18T09:22:16] Timezone[0]/DST[0] (../src/amf/gmm-build.c:507)
05/18 09:22:16.093: [amf] INFO: [Added] Number of AMF-Sessions is now 3 (../src/amf/context.c:2076)
05/18 09:22:16.094: [gmm] INFO: UE SUPI[imsi-001011234567896] DNN[internet] S_NSSAI[SST:1 SD:0x1] (../src/amf/gmm-handler.c:1047)
05/18 09:22:16.095: [gmm] INFO: [imsi-001011234567895] Registration complete (../src/amf/gmm-sm.c:1063)
05/18 09:22:16.095: [amf] INFO: [imsi-001011234567895] Configuration update command (../src/amf/nas-path.c:389)
05/18 09:22:16.096: [gmm] INFO:     UTC [2024-05-18T09:22:16] Timezone[0]/DST[0] (../src/amf/gmm-build.c:502)
05/18 09:22:16.099: [gmm] INFO:     LOCAL [2024-05-18T09:22:16] Timezone[0]/DST[0] (../src/amf/gmm-build.c:507)
05/18 09:22:16.102: [gmm] INFO: [imsi-001011234567900] Registration complete (../src/amf/gmm-sm.c:1063)
05/18 09:22:16.103: [amf] INFO: [imsi-001011234567900] Configuration update command (../src/amf/nas-path.c:389)
05/18 09:22:16.103: [gmm] INFO:     UTC [2024-05-18T09:22:16] Timezone[0]/DST[0] (../src/amf/gmm-build.c:502)
05/18 09:22:16.103: [gmm] INFO:     LOCAL [2024-05-18T09:22:16] Timezone[0]/DST[0] (../src/amf/gmm-build.c:507)
05/18 09:22:16.104: [gmm] INFO: [imsi-001011234567899] Registration complete (../src/amf/gmm-sm.c:1063)
05/18 09:22:16.104: [amf] INFO: [imsi-001011234567899] Configuration update command (../src/amf/nas-path.c:389)
05/18 09:22:16.105: [gmm] INFO:     UTC [2024-05-18T09:22:16] Timezone[0]/DST[0] (../src/amf/gmm-build.c:502)
05/18 09:22:16.105: [gmm] INFO:     LOCAL [2024-05-18T09:22:16] Timezone[0]/DST[0] (../src/amf/gmm-build.c:507)
05/18 09:22:16.106: [amf] INFO: [Added] Number of AMF-Sessions is now 4 (../src/amf/context.c:2076)
05/18 09:22:16.106: [gmm] INFO: UE SUPI[imsi-001011234567900] DNN[internet] S_NSSAI[SST:1 SD:0x1] (../src/amf/gmm-handler.c:1047)
05/18 09:22:16.113: [amf] INFO: [Added] Number of AMF-Sessions is now 5 (../src/amf/context.c:2076)
05/18 09:22:16.113: [gmm] INFO: UE SUPI[imsi-001011234567895] DNN[internet] S_NSSAI[SST:1 SD:0x1] (../src/amf/gmm-handler.c:1047)
05/18 09:22:16.117: [gmm] INFO: [imsi-001011234567903] Registration complete (../src/amf/gmm-sm.c:1063)
05/18 09:22:16.118: [amf] INFO: [imsi-001011234567903] Configuration update command (../src/amf/nas-path.c:389)
05/18 09:22:16.118: [gmm] INFO:     UTC [2024-05-18T09:22:16] Timezone[0]/DST[0] (../src/amf/gmm-build.c:502)
05/18 09:22:16.119: [gmm] INFO:     LOCAL [2024-05-18T09:22:16] Timezone[0]/DST[0] (../src/amf/gmm-build.c:507)
05/18 09:22:16.124: [amf] INFO: [Added] Number of AMF-Sessions is now 6 (../src/amf/context.c:2076)
05/18 09:22:16.125: [gmm] INFO: UE SUPI[imsi-001011234567899] DNN[internet] S_NSSAI[SST:1 SD:0x1] (../src/amf/gmm-handler.c:1047)
05/18 09:22:16.130: [amf] INFO: [Added] Number of AMF-Sessions is now 7 (../src/amf/context.c:2076)
05/18 09:22:16.132: [gmm] INFO: UE SUPI[imsi-001011234567903] DNN[internet] S_NSSAI[SST:1 SD:0x1] (../src/amf/gmm-handler.c:1047)
05/18 09:22:16.137: [gmm] INFO: [imsi-001011234567901] Registration complete (../src/amf/gmm-sm.c:1063)
05/18 09:22:16.138: [amf] INFO: [imsi-001011234567901] Configuration update command (../src/amf/nas-path.c:389)
05/18 09:22:16.138: [gmm] INFO:     UTC [2024-05-18T09:22:16] Timezone[0]/DST[0] (../src/amf/gmm-build.c:502)
05/18 09:22:16.138: [gmm] INFO:     LOCAL [2024-05-18T09:22:16] Timezone[0]/DST[0] (../src/amf/gmm-build.c:507)
05/18 09:22:16.143: [gmm] INFO: [imsi-001011234567898] Registration complete (../src/amf/gmm-sm.c:1063)
05/18 09:22:16.143: [amf] INFO: [imsi-001011234567898] Configuration update command (../src/amf/nas-path.c:389)
05/18 09:22:16.144: [gmm] INFO:     UTC [2024-05-18T09:22:16] Timezone[0]/DST[0] (../src/amf/gmm-build.c:502)
05/18 09:22:16.150: [gmm] INFO:     LOCAL [2024-05-18T09:22:16] Timezone[0]/DST[0] (../src/amf/gmm-build.c:507)
05/18 09:22:16.151: [amf] INFO: [Added] Number of AMF-Sessions is now 8 (../src/amf/context.c:2076)
05/18 09:22:16.151: [gmm] INFO: UE SUPI[imsi-001011234567898] DNN[internet] S_NSSAI[SST:1 SD:0x1] (../src/amf/gmm-handler.c:1047)
05/18 09:22:16.152: [gmm] INFO: [imsi-001011234567902] Registration complete (../src/amf/gmm-sm.c:1063)
05/18 09:22:16.152: [amf] INFO: [imsi-001011234567902] Configuration update command (../src/amf/nas-path.c:389)
05/18 09:22:16.152: [gmm] INFO:     UTC [2024-05-18T09:22:16] Timezone[0]/DST[0] (../src/amf/gmm-build.c:502)
05/18 09:22:16.152: [gmm] INFO:     LOCAL [2024-05-18T09:22:16] Timezone[0]/DST[0] (../src/amf/gmm-build.c:507)
05/18 09:22:16.152: [amf] INFO: [Added] Number of AMF-Sessions is now 9 (../src/amf/context.c:2076)
05/18 09:22:16.152: [gmm] INFO: UE SUPI[imsi-001011234567902] DNN[internet] S_NSSAI[SST:1 SD:0x1] (../src/amf/gmm-handler.c:1047)
05/18 09:22:16.153: [amf] INFO: [Added] Number of AMF-Sessions is now 10 (../src/amf/context.c:2076)
05/18 09:22:16.154: [gmm] INFO: UE SUPI[imsi-001011234567901] DNN[internet] S_NSSAI[SST:1 SD:0x1] (../src/amf/gmm-handler.c:1047)
Open5GS daemon v2.4.4

05/18 11:39:24.248: [app] INFO: Configuration: '/open5gs/install/etc/open5gs/amf.yaml' (../lib/app/ogs-init.c:129)
05/18 11:39:24.248: [app] INFO: File Logging: '/open5gs/install/var/log/open5gs/amf.log' (../lib/app/ogs-init.c:132)
05/18 11:39:24.258: [sbi] INFO: nghttp2_server() [127.0.0.5]:7777 (../lib/sbi/nghttp2-server.c:144)
05/18 11:39:24.262: [sock] ERROR: socket bind(2) [192.168.0.111]:38412 failed (99:Cannot assign requested address) (../lib/core/ogs-socket.c:109)
05/18 11:39:24.263: [sock] ERROR: sctp_server() [192.168.0.111]:38412 failed (99:Cannot assign requested address) (../lib/sctp/ogs-lksctp.c:99)
05/18 11:39:24.263: [sctp] ERROR: Failed to intialize AMF (../src/amf/app.c:30)
05/18 11:39:24.264: [app] FATAL: Open5GS initialization failed. Aborted (../src/main.c:219)
Open5GS daemon v2.4.4

05/18 11:40:55.457: [app] INFO: Configuration: '/open5gs/install/etc/open5gs/amf.yaml' (../lib/app/ogs-init.c:129)
05/18 11:40:55.458: [app] INFO: File Logging: '/open5gs/install/var/log/open5gs/amf.log' (../lib/app/ogs-init.c:132)
05/18 11:40:55.477: [sbi] INFO: nghttp2_server() [127.0.0.5]:7777 (../lib/sbi/nghttp2-server.c:144)
05/18 11:40:55.482: [amf] INFO: ngap_server() [192.168.0.111]:38412 (../src/amf/ngap-sctp.c:53)
05/18 11:40:55.494: [sctp] INFO: AMF initialize...done (../src/amf/app.c:33)
05/18 11:40:55.509: [amf] INFO: [7ccfdd56-150b-41ef-8589-a3e47daa4a10] NF registred [Heartbeat:10s] (../src/amf/nf-sm.c:198)
05/18 11:40:55.520: [amf] INFO: [7cd83f14-150b-41ef-a557-133146652d98] (NRF-notify) NF registered (../src/amf/nnrf-handler.c:182)
05/18 11:40:55.521: [amf] INFO: [7cd83f14-150b-41ef-a557-133146652d98] (NRF-notify) NF Profile updated (../src/amf/nnrf-handler.c:201)
05/18 11:40:55.715: [amf] INFO: [7cd5a1c8-150b-41ef-b33b-8de57cf6e2c8] (NRF-notify) NF registered (../src/amf/nnrf-handler.c:182)
05/18 11:40:55.716: [amf] INFO: [7cd5a1c8-150b-41ef-b33b-8de57cf6e2c8] (NRF-notify) NF Profile updated (../src/amf/nnrf-handler.c:201)
05/18 11:41:11.884: [amf] INFO: gNB-N2 accepted[192.168.0.131]:35875 in ng-path module (../src/amf/ngap-sctp.c:105)
05/18 11:41:11.887: [amf] INFO: gNB-N2 accepted[192.168.0.131] in master_sm module (../src/amf/amf-sm.c:619)
05/18 11:41:11.887: [amf] INFO: [GNB] max_num_of_ostreams : 30 (../src/amf/context.c:854)
05/18 11:41:11.888: [amf] INFO: [Added] Number of gNBs is now 1 (../src/amf/context.c:869)
05/18 11:41:17.548: [amf] INFO: InitialUEMessage (../src/amf/ngap-handler.c:361)
05/18 11:41:17.549: [amf] INFO: [Added] Number of gNB-UEs is now 1 (../src/amf/context.c:2064)
05/18 11:41:17.550: [amf] INFO:     RAN_UE_NGAP_ID[1] AMF_UE_NGAP_ID[1] TAC[1] CellID[0x10] (../src/amf/ngap-handler.c:497)
05/18 11:41:17.554: [amf] INFO: [suci-0-001-01-0000-0-0-1234567904] Unknown UE by SUCI (../src/amf/context.c:1390)
05/18 11:41:17.555: [amf] INFO: [Added] Number of AMF-UEs is now 1 (../src/amf/context.c:1189)
05/18 11:41:17.555: [gmm] INFO: Registration request (../src/amf/gmm-sm.c:134)
05/18 11:41:17.556: [gmm] INFO: [suci-0-001-01-0000-0-0-1234567904]    SUCI (../src/amf/gmm-handler.c:157)
05/18 11:41:17.556: [app] WARNING: Try to discover [AUSF] (../lib/sbi/path.c:110)
05/18 11:41:17.557: [amf] INFO: [7cd04cc8-150b-41ef-ad91-35fac631218e] (NF-discover) NF registered (../src/amf/nnrf-handler.c:342)
05/18 11:41:17.558: [amf] INFO: [7cd04cc8-150b-41ef-ad91-35fac631218e] (NF-discover) NF Profile updated (../src/amf/nnrf-handler.c:402)
05/18 11:41:17.591: [amf] INFO: InitialUEMessage (../src/amf/ngap-handler.c:361)
05/18 11:41:17.592: [amf] INFO: [Added] Number of gNB-UEs is now 2 (../src/amf/context.c:2064)
05/18 11:41:17.592: [amf] INFO:     RAN_UE_NGAP_ID[2] AMF_UE_NGAP_ID[2] TAC[1] CellID[0x10] (../src/amf/ngap-handler.c:497)
05/18 11:41:17.593: [amf] INFO: [suci-0-001-01-0000-0-0-1234567897] Unknown UE by SUCI (../src/amf/context.c:1390)
05/18 11:41:17.593: [amf] INFO: [Added] Number of AMF-UEs is now 2 (../src/amf/context.c:1189)
05/18 11:41:17.594: [gmm] INFO: Registration request (../src/amf/gmm-sm.c:134)
05/18 11:41:17.594: [gmm] INFO: [suci-0-001-01-0000-0-0-1234567897]    SUCI (../src/amf/gmm-handler.c:157)
05/18 11:41:17.595: [amf] INFO: InitialUEMessage (../src/amf/ngap-handler.c:361)
05/18 11:41:17.597: [amf] INFO: [Added] Number of gNB-UEs is now 3 (../src/amf/context.c:2064)
05/18 11:41:17.597: [amf] INFO:     RAN_UE_NGAP_ID[3] AMF_UE_NGAP_ID[3] TAC[1] CellID[0x10] (../src/amf/ngap-handler.c:497)
05/18 11:41:17.598: [amf] INFO: [suci-0-001-01-0000-0-0-1234567903] Unknown UE by SUCI (../src/amf/context.c:1390)
05/18 11:41:17.598: [amf] INFO: [Added] Number of AMF-UEs is now 3 (../src/amf/context.c:1189)
05/18 11:41:17.598: [gmm] INFO: Registration request (../src/amf/gmm-sm.c:134)
05/18 11:41:17.598: [gmm] INFO: [suci-0-001-01-0000-0-0-1234567903]    SUCI (../src/amf/gmm-handler.c:157)
05/18 11:41:17.601: [amf] INFO: InitialUEMessage (../src/amf/ngap-handler.c:361)
05/18 11:41:17.601: [amf] INFO: [Added] Number of gNB-UEs is now 4 (../src/amf/context.c:2064)
05/18 11:41:17.601: [amf] INFO:     RAN_UE_NGAP_ID[4] AMF_UE_NGAP_ID[4] TAC[1] CellID[0x10] (../src/amf/ngap-handler.c:497)
05/18 11:41:17.602: [amf] INFO: [suci-0-001-01-0000-0-0-1234567898] Unknown UE by SUCI (../src/amf/context.c:1390)
05/18 11:41:17.602: [amf] INFO: [Added] Number of AMF-UEs is now 4 (../src/amf/context.c:1189)
05/18 11:41:17.602: [gmm] INFO: Registration request (../src/amf/gmm-sm.c:134)
05/18 11:41:17.603: [gmm] INFO: [suci-0-001-01-0000-0-0-1234567898]    SUCI (../src/amf/gmm-handler.c:157)
05/18 11:41:17.605: [amf] INFO: InitialUEMessage (../src/amf/ngap-handler.c:361)
05/18 11:41:17.606: [amf] INFO: [Added] Number of gNB-UEs is now 5 (../src/amf/context.c:2064)
05/18 11:41:17.607: [amf] INFO:     RAN_UE_NGAP_ID[5] AMF_UE_NGAP_ID[5] TAC[1] CellID[0x10] (../src/amf/ngap-handler.c:497)
05/18 11:41:17.607: [amf] INFO: [suci-0-001-01-0000-0-0-1234567899] Unknown UE by SUCI (../src/amf/context.c:1390)
05/18 11:41:17.608: [amf] INFO: [Added] Number of AMF-UEs is now 5 (../src/amf/context.c:1189)
05/18 11:41:17.608: [gmm] INFO: Registration request (../src/amf/gmm-sm.c:134)
05/18 11:41:17.609: [gmm] INFO: [suci-0-001-01-0000-0-0-1234567899]    SUCI (../src/amf/gmm-handler.c:157)
05/18 11:41:17.611: [amf] INFO: InitialUEMessage (../src/amf/ngap-handler.c:361)
05/18 11:41:17.612: [amf] INFO: [Added] Number of gNB-UEs is now 6 (../src/amf/context.c:2064)
05/18 11:41:17.612: [amf] INFO:     RAN_UE_NGAP_ID[6] AMF_UE_NGAP_ID[6] TAC[1] CellID[0x10] (../src/amf/ngap-handler.c:497)
05/18 11:41:17.613: [amf] INFO: [suci-0-001-01-0000-0-0-1234567895] Unknown UE by SUCI (../src/amf/context.c:1390)
05/18 11:41:17.613: [amf] INFO: [Added] Number of AMF-UEs is now 6 (../src/amf/context.c:1189)
05/18 11:41:17.613: [gmm] INFO: Registration request (../src/amf/gmm-sm.c:134)
05/18 11:41:17.613: [gmm] INFO: [suci-0-001-01-0000-0-0-1234567895]    SUCI (../src/amf/gmm-handler.c:157)
05/18 11:41:17.615: [amf] INFO: InitialUEMessage (../src/amf/ngap-handler.c:361)
05/18 11:41:17.616: [amf] INFO: [Added] Number of gNB-UEs is now 7 (../src/amf/context.c:2064)
05/18 11:41:17.616: [amf] INFO:     RAN_UE_NGAP_ID[7] AMF_UE_NGAP_ID[7] TAC[1] CellID[0x10] (../src/amf/ngap-handler.c:497)
05/18 11:41:17.617: [amf] INFO: [suci-0-001-01-0000-0-0-1234567901] Unknown UE by SUCI (../src/amf/context.c:1390)
05/18 11:41:17.617: [amf] INFO: [Added] Number of AMF-UEs is now 7 (../src/amf/context.c:1189)
05/18 11:41:17.618: [gmm] INFO: Registration request (../src/amf/gmm-sm.c:134)
05/18 11:41:17.618: [gmm] INFO: [suci-0-001-01-0000-0-0-1234567901]    SUCI (../src/amf/gmm-handler.c:157)
05/18 11:41:17.620: [amf] INFO: InitialUEMessage (../src/amf/ngap-handler.c:361)
05/18 11:41:17.620: [amf] INFO: [Added] Number of gNB-UEs is now 8 (../src/amf/context.c:2064)
05/18 11:41:17.620: [amf] INFO:     RAN_UE_NGAP_ID[8] AMF_UE_NGAP_ID[8] TAC[1] CellID[0x10] (../src/amf/ngap-handler.c:497)
05/18 11:41:17.621: [amf] INFO: [suci-0-001-01-0000-0-0-1234567902] Unknown UE by SUCI (../src/amf/context.c:1390)
05/18 11:41:17.622: [amf] INFO: [Added] Number of AMF-UEs is now 8 (../src/amf/context.c:1189)
05/18 11:41:17.623: [gmm] INFO: Registration request (../src/amf/gmm-sm.c:134)
05/18 11:41:17.623: [gmm] INFO: [suci-0-001-01-0000-0-0-1234567902]    SUCI (../src/amf/gmm-handler.c:157)
05/18 11:41:17.625: [amf] INFO: InitialUEMessage (../src/amf/ngap-handler.c:361)
05/18 11:41:17.626: [amf] INFO: [Added] Number of gNB-UEs is now 9 (../src/amf/context.c:2064)
05/18 11:41:17.626: [amf] INFO:     RAN_UE_NGAP_ID[9] AMF_UE_NGAP_ID[9] TAC[1] CellID[0x10] (../src/amf/ngap-handler.c:497)
05/18 11:41:17.627: [amf] INFO: [suci-0-001-01-0000-0-0-1234567900] Unknown UE by SUCI (../src/amf/context.c:1390)
05/18 11:41:17.627: [amf] INFO: [Added] Number of AMF-UEs is now 9 (../src/amf/context.c:1189)
05/18 11:41:17.628: [gmm] INFO: Registration request (../src/amf/gmm-sm.c:134)
05/18 11:41:17.628: [gmm] INFO: [suci-0-001-01-0000-0-0-1234567900]    SUCI (../src/amf/gmm-handler.c:157)
05/18 11:41:17.630: [amf] INFO: InitialUEMessage (../src/amf/ngap-handler.c:361)
05/18 11:41:17.630: [amf] INFO: [Added] Number of gNB-UEs is now 10 (../src/amf/context.c:2064)
05/18 11:41:17.631: [amf] INFO:     RAN_UE_NGAP_ID[10] AMF_UE_NGAP_ID[10] TAC[1] CellID[0x10] (../src/amf/ngap-handler.c:497)
05/18 11:41:17.633: [amf] INFO: [suci-0-001-01-0000-0-0-1234567896] Unknown UE by SUCI (../src/amf/context.c:1390)
05/18 11:41:17.634: [amf] INFO: [Added] Number of AMF-UEs is now 10 (../src/amf/context.c:1189)
05/18 11:41:17.634: [gmm] INFO: Registration request (../src/amf/gmm-sm.c:134)
05/18 11:41:17.635: [gmm] INFO: [suci-0-001-01-0000-0-0-1234567896]    SUCI (../src/amf/gmm-handler.c:157)
05/18 11:41:17.636: [gmm] WARNING: Authentication failure(Synch failure) (../src/amf/gmm-sm.c:548)
05/18 11:41:17.659: [gmm] WARNING: Authentication failure(Synch failure) (../src/amf/gmm-sm.c:548)
05/18 11:41:17.664: [gmm] WARNING: Authentication failure(Synch failure) (../src/amf/gmm-sm.c:548)
05/18 11:41:17.666: [gmm] WARNING: Authentication failure(Synch failure) (../src/amf/gmm-sm.c:548)
05/18 11:41:17.686: [gmm] WARNING: Authentication failure(Synch failure) (../src/amf/gmm-sm.c:548)
05/18 11:41:17.688: [gmm] WARNING: Authentication failure(Synch failure) (../src/amf/gmm-sm.c:548)
05/18 11:41:17.689: [gmm] WARNING: Authentication failure(Synch failure) (../src/amf/gmm-sm.c:548)
05/18 11:41:17.691: [gmm] WARNING: Authentication failure(Synch failure) (../src/amf/gmm-sm.c:548)
05/18 11:41:17.693: [gmm] WARNING: Authentication failure(Synch failure) (../src/amf/gmm-sm.c:548)
05/18 11:41:17.697: [gmm] WARNING: Authentication failure(Synch failure) (../src/amf/gmm-sm.c:548)
05/18 11:41:17.756: [app] WARNING: Try to discover [UDM] (../lib/sbi/path.c:110)
05/18 11:41:17.758: [amf] INFO: [7cce94aa-150b-41ef-a4c2-4fe0cac1aad5] (NF-discover) NF registered (../src/amf/nnrf-handler.c:342)
05/18 11:41:17.759: [amf] INFO: [7cce94aa-150b-41ef-a4c2-4fe0cac1aad5] (NF-discover) NF Profile updated (../src/amf/nnrf-handler.c:402)
05/18 11:41:17.851: [gmm] INFO: [imsi-001011234567904] Registration complete (../src/amf/gmm-sm.c:1063)
05/18 11:41:17.852: [amf] INFO: [imsi-001011234567904] Configuration update command (../src/amf/nas-path.c:389)
05/18 11:41:17.854: [gmm] INFO:     UTC [2024-05-18T11:41:17] Timezone[0]/DST[0] (../src/amf/gmm-build.c:502)
05/18 11:41:17.854: [gmm] INFO:     LOCAL [2024-05-18T11:41:17] Timezone[0]/DST[0] (../src/amf/gmm-build.c:507)
05/18 11:41:17.855: [amf] INFO: [Added] Number of AMF-Sessions is now 1 (../src/amf/context.c:2076)
05/18 11:41:17.856: [gmm] INFO: UE SUPI[imsi-001011234567904] DNN[internet] S_NSSAI[SST:1 SD:0x1] (../src/amf/gmm-handler.c:1047)
05/18 11:41:17.861: [gmm] INFO: [imsi-001011234567897] Registration complete (../src/amf/gmm-sm.c:1063)
05/18 11:41:17.863: [amf] INFO: [imsi-001011234567897] Configuration update command (../src/amf/nas-path.c:389)
05/18 11:41:17.863: [gmm] INFO:     UTC [2024-05-18T11:41:17] Timezone[0]/DST[0] (../src/amf/gmm-build.c:502)
05/18 11:41:17.864: [gmm] INFO:     LOCAL [2024-05-18T11:41:17] Timezone[0]/DST[0] (../src/amf/gmm-build.c:507)
05/18 11:41:17.865: [amf] INFO: [Added] Number of AMF-Sessions is now 2 (../src/amf/context.c:2076)
05/18 11:41:17.865: [gmm] INFO: UE SUPI[imsi-001011234567897] DNN[internet] S_NSSAI[SST:1 SD:0x1] (../src/amf/gmm-handler.c:1047)
05/18 11:41:17.866: [gmm] INFO: [imsi-001011234567903] Registration complete (../src/amf/gmm-sm.c:1063)
05/18 11:41:17.869: [amf] INFO: [imsi-001011234567903] Configuration update command (../src/amf/nas-path.c:389)
05/18 11:41:17.869: [gmm] INFO:     UTC [2024-05-18T11:41:17] Timezone[0]/DST[0] (../src/amf/gmm-build.c:502)
05/18 11:41:17.871: [gmm] INFO:     LOCAL [2024-05-18T11:41:17] Timezone[0]/DST[0] (../src/amf/gmm-build.c:507)
05/18 11:41:17.887: [gmm] INFO: [imsi-001011234567898] Registration complete (../src/amf/gmm-sm.c:1063)
05/18 11:41:17.896: [amf] INFO: [imsi-001011234567898] Configuration update command (../src/amf/nas-path.c:389)
05/18 11:41:17.896: [gmm] INFO:     UTC [2024-05-18T11:41:17] Timezone[0]/DST[0] (../src/amf/gmm-build.c:502)
05/18 11:41:17.896: [gmm] INFO:     LOCAL [2024-05-18T11:41:17] Timezone[0]/DST[0] (../src/amf/gmm-build.c:507)
05/18 11:41:17.898: [amf] INFO: [Added] Number of AMF-Sessions is now 3 (../src/amf/context.c:2076)
05/18 11:41:17.898: [gmm] INFO: UE SUPI[imsi-001011234567898] DNN[internet] S_NSSAI[SST:1 SD:0x1] (../src/amf/gmm-handler.c:1047)
05/18 11:41:17.899: [amf] INFO: [Added] Number of AMF-Sessions is now 4 (../src/amf/context.c:2076)
05/18 11:41:17.899: [gmm] INFO: UE SUPI[imsi-001011234567903] DNN[internet] S_NSSAI[SST:1 SD:0x1] (../src/amf/gmm-handler.c:1047)
05/18 11:41:17.901: [gmm] INFO: [imsi-001011234567895] Registration complete (../src/amf/gmm-sm.c:1063)
05/18 11:41:17.902: [amf] INFO: [imsi-001011234567895] Configuration update command (../src/amf/nas-path.c:389)
05/18 11:41:17.902: [gmm] INFO:     UTC [2024-05-18T11:41:17] Timezone[0]/DST[0] (../src/amf/gmm-build.c:502)
05/18 11:41:17.903: [gmm] INFO:     LOCAL [2024-05-18T11:41:17] Timezone[0]/DST[0] (../src/amf/gmm-build.c:507)
05/18 11:41:17.905: [amf] INFO: [Added] Number of AMF-Sessions is now 5 (../src/amf/context.c:2076)
05/18 11:41:17.905: [gmm] INFO: UE SUPI[imsi-001011234567895] DNN[internet] S_NSSAI[SST:1 SD:0x1] (../src/amf/gmm-handler.c:1047)
05/18 11:41:17.906: [gmm] INFO: [imsi-001011234567901] Registration complete (../src/amf/gmm-sm.c:1063)
05/18 11:41:17.906: [amf] INFO: [imsi-001011234567901] Configuration update command (../src/amf/nas-path.c:389)
05/18 11:41:17.907: [gmm] INFO:     UTC [2024-05-18T11:41:17] Timezone[0]/DST[0] (../src/amf/gmm-build.c:502)
05/18 11:41:17.908: [gmm] INFO:     LOCAL [2024-05-18T11:41:17] Timezone[0]/DST[0] (../src/amf/gmm-build.c:507)
05/18 11:41:17.911: [amf] INFO: [Added] Number of AMF-Sessions is now 6 (../src/amf/context.c:2076)
05/18 11:41:17.911: [gmm] INFO: UE SUPI[imsi-001011234567901] DNN[internet] S_NSSAI[SST:1 SD:0x1] (../src/amf/gmm-handler.c:1047)
05/18 11:41:17.913: [gmm] INFO: [imsi-001011234567899] Registration complete (../src/amf/gmm-sm.c:1063)
05/18 11:41:17.914: [amf] INFO: [imsi-001011234567899] Configuration update command (../src/amf/nas-path.c:389)
05/18 11:41:17.914: [gmm] INFO:     UTC [2024-05-18T11:41:17] Timezone[0]/DST[0] (../src/amf/gmm-build.c:502)
05/18 11:41:17.916: [gmm] INFO:     LOCAL [2024-05-18T11:41:17] Timezone[0]/DST[0] (../src/amf/gmm-build.c:507)
05/18 11:41:17.917: [amf] INFO: [Added] Number of AMF-Sessions is now 7 (../src/amf/context.c:2076)
05/18 11:41:17.917: [gmm] INFO: UE SUPI[imsi-001011234567899] DNN[internet] S_NSSAI[SST:1 SD:0x1] (../src/amf/gmm-handler.c:1047)
05/18 11:41:17.918: [gmm] INFO: [imsi-001011234567902] Registration complete (../src/amf/gmm-sm.c:1063)
05/18 11:41:17.921: [amf] INFO: [imsi-001011234567902] Configuration update command (../src/amf/nas-path.c:389)
05/18 11:41:17.922: [gmm] INFO:     UTC [2024-05-18T11:41:17] Timezone[0]/DST[0] (../src/amf/gmm-build.c:502)
05/18 11:41:17.924: [gmm] INFO:     LOCAL [2024-05-18T11:41:17] Timezone[0]/DST[0] (../src/amf/gmm-build.c:507)
05/18 11:41:17.925: [gmm] INFO: [imsi-001011234567900] Registration complete (../src/amf/gmm-sm.c:1063)
05/18 11:41:17.926: [amf] INFO: [imsi-001011234567900] Configuration update command (../src/amf/nas-path.c:389)
05/18 11:41:17.927: [gmm] INFO:     UTC [2024-05-18T11:41:17] Timezone[0]/DST[0] (../src/amf/gmm-build.c:502)
05/18 11:41:17.927: [gmm] INFO:     LOCAL [2024-05-18T11:41:17] Timezone[0]/DST[0] (../src/amf/gmm-build.c:507)
05/18 11:41:17.929: [gmm] INFO: [imsi-001011234567896] Registration complete (../src/amf/gmm-sm.c:1063)
05/18 11:41:17.929: [amf] INFO: [imsi-001011234567896] Configuration update command (../src/amf/nas-path.c:389)
05/18 11:41:17.929: [gmm] INFO:     UTC [2024-05-18T11:41:17] Timezone[0]/DST[0] (../src/amf/gmm-build.c:502)
05/18 11:41:17.929: [gmm] INFO:     LOCAL [2024-05-18T11:41:17] Timezone[0]/DST[0] (../src/amf/gmm-build.c:507)
05/18 11:41:17.930: [amf] INFO: [Added] Number of AMF-Sessions is now 8 (../src/amf/context.c:2076)
05/18 11:41:17.930: [gmm] INFO: UE SUPI[imsi-001011234567900] DNN[internet] S_NSSAI[SST:1 SD:0x1] (../src/amf/gmm-handler.c:1047)
05/18 11:41:17.933: [amf] INFO: [Added] Number of AMF-Sessions is now 9 (../src/amf/context.c:2076)
05/18 11:41:17.933: [gmm] INFO: UE SUPI[imsi-001011234567902] DNN[internet] S_NSSAI[SST:1 SD:0x1] (../src/amf/gmm-handler.c:1047)
05/18 11:41:17.934: [amf] INFO: [Added] Number of AMF-Sessions is now 10 (../src/amf/context.c:2076)
05/18 11:41:17.935: [gmm] INFO: UE SUPI[imsi-001011234567896] DNN[internet] S_NSSAI[SST:1 SD:0x1] (../src/amf/gmm-handler.c:1047)
