Open5GS daemon v2.4.4

05/12 12:20:26.337: [app] INFO: Configuration: '/open5gs/install/etc/open5gs/bsf.yaml' (../lib/app/ogs-init.c:129)
05/12 12:20:26.337: [app] INFO: File Logging: '/open5gs/install/var/log/open5gs/bsf.log' (../lib/app/ogs-init.c:132)
05/12 12:20:26.339: [sbi] INFO: nghttp2_server() [127.0.0.15]:7777 (../lib/sbi/nghttp2-server.c:144)
05/12 12:20:26.411: [app] INFO: BSF initialize...done (../src/bsf/app.c:31)
05/12 12:20:26.430: [bsf] INFO: [037ce116-105a-41ef-8c31-57c098eec504] NF registred [Heartbeat:10s] (../src/bsf/nf-sm.c:199)
Open5GS daemon v2.4.4

05/12 12:28:06.664: [app] INFO: Configuration: '/open5gs/install/etc/open5gs/bsf.yaml' (../lib/app/ogs-init.c:129)
05/12 12:28:06.664: [app] INFO: File Logging: '/open5gs/install/var/log/open5gs/bsf.log' (../lib/app/ogs-init.c:132)
05/12 12:28:06.672: [sbi] INFO: nghttp2_server() [127.0.0.15]:7777 (../lib/sbi/nghttp2-server.c:144)
05/12 12:28:06.679: [app] INFO: BSF initialize...done (../src/bsf/app.c:31)
05/12 12:28:06.681: [bsf] INFO: [15de32f0-105b-41ef-a69b-2d189aed7fc6] NF registred [Heartbeat:10s] (../src/bsf/nf-sm.c:199)
Open5GS daemon v2.4.4

05/12 12:32:12.510: [app] INFO: Configuration: '/open5gs/install/etc/open5gs/bsf.yaml' (../lib/app/ogs-init.c:129)
05/12 12:32:12.516: [app] INFO: File Logging: '/open5gs/install/var/log/open5gs/bsf.log' (../lib/app/ogs-init.c:132)
05/12 12:32:12.520: [sbi] INFO: nghttp2_server() [127.0.0.15]:7777 (../lib/sbi/nghttp2-server.c:144)
05/12 12:32:12.527: [app] INFO: BSF initialize...done (../src/bsf/app.c:31)
05/12 12:32:12.532: [bsf] INFO: [a867627c-105b-41ef-8975-ebe50586611c] NF registred [Heartbeat:10s] (../src/bsf/nf-sm.c:199)
Open5GS daemon v2.4.4

05/12 12:34:47.265: [app] INFO: Configuration: '/open5gs/install/etc/open5gs/bsf.yaml' (../lib/app/ogs-init.c:129)
05/12 12:34:47.265: [app] INFO: File Logging: '/open5gs/install/var/log/open5gs/bsf.log' (../lib/app/ogs-init.c:132)
05/12 12:34:47.266: [sbi] INFO: nghttp2_server() [127.0.0.15]:7777 (../lib/sbi/nghttp2-server.c:144)
05/12 12:34:47.273: [app] INFO: BSF initialize...done (../src/bsf/app.c:31)
05/12 12:34:47.283: [bsf] INFO: [04a40306-105c-41ef-9f96-475510ae902e] NF registred [Heartbeat:10s] (../src/bsf/nf-sm.c:199)
Open5GS daemon v2.4.4

05/12 12:59:05.684: [app] INFO: Configuration: '/open5gs/install/etc/open5gs/bsf.yaml' (../lib/app/ogs-init.c:129)
05/12 12:59:05.694: [app] INFO: File Logging: '/open5gs/install/var/log/open5gs/bsf.log' (../lib/app/ogs-init.c:132)
05/12 12:59:05.696: [sbi] INFO: nghttp2_server() [127.0.0.15]:7777 (../lib/sbi/nghttp2-server.c:144)
05/12 12:59:05.733: [app] INFO: BSF initialize...done (../src/bsf/app.c:31)
05/12 12:59:05.748: [bsf] INFO: [69eea13c-105f-41ef-9e6e-6b69afcf4426] NF registred [Heartbeat:10s] (../src/bsf/nf-sm.c:199)
Open5GS daemon v2.4.4

05/12 16:10:34.508: [app] INFO: Configuration: '/open5gs/install/etc/open5gs/bsf.yaml' (../lib/app/ogs-init.c:129)
05/12 16:10:34.509: [app] INFO: File Logging: '/open5gs/install/var/log/open5gs/bsf.log' (../lib/app/ogs-init.c:132)
05/12 16:10:34.521: [sbi] INFO: nghttp2_server() [127.0.0.15]:7777 (../lib/sbi/nghttp2-server.c:144)
05/12 16:10:34.540: [app] INFO: BSF initialize...done (../src/bsf/app.c:31)
05/12 16:10:34.544: [bsf] INFO: [29cd007e-107a-41ef-9b15-49c0abd2c017] NF registred [Heartbeat:10s] (../src/bsf/nf-sm.c:199)
Open5GS daemon v2.4.4

05/12 16:59:31.917: [app] INFO: Configuration: '/open5gs/install/etc/open5gs/bsf.yaml' (../lib/app/ogs-init.c:129)
05/12 16:59:31.918: [app] INFO: File Logging: '/open5gs/install/var/log/open5gs/bsf.log' (../lib/app/ogs-init.c:132)
05/12 16:59:31.919: [sbi] INFO: nghttp2_server() [127.0.0.15]:7777 (../lib/sbi/nghttp2-server.c:144)
05/12 16:59:31.924: [app] INFO: BSF initialize...done (../src/bsf/app.c:31)
05/12 16:59:31.937: [bsf] INFO: [00a1ab26-1081-41ef-9246-2b035d4ed5d1] NF registred [Heartbeat:10s] (../src/bsf/nf-sm.c:199)
05/12 17:01:43.489: [app] INFO: SIGHUP received (../src/main.c:58)
