UERANSIM v3.2.6
[2024-04-13 15:25:50.769] [sctp] [info] Trying to establish SCTP connection... (192.168.0.111:38412)
[2024-04-13 15:25:50.827] [sctp] [info] SCTP connection established (192.168.0.111:38412)
[2024-04-13 15:25:50.827] [sctp] [debug] SCTP association setup ascId[29]
[2024-04-13 15:25:50.827] [ngap] [debug] Sending NG Setup Request
[2024-04-13 15:25:50.855] [ngap] [debug] NG Setup Response received
[2024-04-13 15:25:50.856] [ngap] [info] NG Setup procedure is successful
[2024-04-13 15:25:56.371] [rrc] [debug] UE[1] new signal detected
[2024-04-13 15:25:56.371] [rrc] [debug] UE[2] new signal detected
[2024-04-13 15:25:56.371] [rrc] [debug] UE[3] new signal detected
[2024-04-13 15:25:56.372] [rrc] [debug] UE[4] new signal detected
[2024-04-13 15:25:56.372] [rrc] [debug] UE[5] new signal detected
[2024-04-13 15:25:56.372] [rrc] [debug] UE[6] new signal detected
[2024-04-13 15:25:56.373] [rrc] [debug] UE[7] new signal detected
[2024-04-13 15:25:56.373] [rrc] [debug] UE[8] new signal detected
[2024-04-13 15:25:56.373] [rrc] [debug] UE[9] new signal detected
[2024-04-13 15:25:56.373] [rrc] [debug] UE[10] new signal detected
[2024-04-13 15:25:56.401] [rrc] [info] RRC Setup for UE[8]
[2024-04-13 15:25:56.407] [rrc] [info] RRC Setup for UE[5]
[2024-04-13 15:25:56.408] [rrc] [info] RRC Setup for UE[6]
[2024-04-13 15:25:56.408] [rrc] [info] RRC Setup for UE[10]
[2024-04-13 15:25:56.418] [rrc] [info] RRC Setup for UE[4]
[2024-04-13 15:25:56.427] [ngap] [debug] Initial NAS message received from UE[8]
[2024-04-13 15:25:56.431] [ngap] [debug] Initial NAS message received from UE[5]
[2024-04-13 15:25:56.432] [rrc] [info] RRC Setup for UE[2]
[2024-04-13 15:25:56.432] [ngap] [debug] Initial NAS message received from UE[4]
[2024-04-13 15:25:56.433] [ngap] [debug] Initial NAS message received from UE[10]
[2024-04-13 15:25:56.433] [ngap] [debug] Initial NAS message received from UE[6]
[2024-04-13 15:25:56.435] [rrc] [info] RRC Setup for UE[9]
[2024-04-13 15:25:56.435] [rrc] [info] RRC Setup for UE[7]
[2024-04-13 15:25:56.436] [rrc] [info] RRC Setup for UE[1]
[2024-04-13 15:25:56.436] [rrc] [info] RRC Setup for UE[3]
[2024-04-13 15:25:56.440] [ngap] [debug] Initial NAS message received from UE[2]
[2024-04-13 15:25:56.441] [ngap] [debug] Initial NAS message received from UE[9]
[2024-04-13 15:25:56.441] [ngap] [debug] Initial NAS message received from UE[7]
[2024-04-13 15:25:56.442] [ngap] [debug] Initial NAS message received from UE[1]
[2024-04-13 15:25:56.444] [ngap] [debug] Initial NAS message received from UE[3]
[2024-04-13 15:25:56.683] [ngap] [debug] Initial Context Setup Request received
[2024-04-13 15:25:56.723] [ngap] [debug] Initial Context Setup Request received
[2024-04-13 15:25:56.723] [ngap] [debug] Initial Context Setup Request received
[2024-04-13 15:25:56.724] [ngap] [debug] Initial Context Setup Request received
[2024-04-13 15:25:56.725] [ngap] [debug] Initial Context Setup Request received
[2024-04-13 15:25:56.725] [ngap] [debug] Initial Context Setup Request received
[2024-04-13 15:25:56.725] [ngap] [debug] Initial Context Setup Request received
[2024-04-13 15:25:56.732] [ngap] [debug] Initial Context Setup Request received
[2024-04-13 15:25:56.733] [ngap] [debug] Initial Context Setup Request received
[2024-04-13 15:25:56.816] [ngap] [debug] Initial Context Setup Request received
[2024-04-13 15:25:56.851] [ngap] [info] PDU session resource(s) setup for UE[8] count[1]
[2024-04-13 15:25:56.890] [ngap] [info] PDU session resource(s) setup for UE[4] count[1]
[2024-04-13 15:25:56.977] [ngap] [info] PDU session resource(s) setup for UE[5] count[1]
[2024-04-13 15:25:56.980] [ngap] [info] PDU session resource(s) setup for UE[10] count[1]
[2024-04-13 15:25:56.995] [ngap] [info] PDU session resource(s) setup for UE[9] count[1]
[2024-04-13 15:25:57.000] [ngap] [info] PDU session resource(s) setup for UE[2] count[1]
[2024-04-13 15:25:57.034] [ngap] [info] PDU session resource(s) setup for UE[6] count[1]
[2024-04-13 15:25:57.042] [ngap] [info] PDU session resource(s) setup for UE[7] count[1]
[2024-04-13 15:25:57.072] [ngap] [info] PDU session resource(s) setup for UE[1] count[1]
[2024-04-13 15:25:57.092] [ngap] [info] PDU session resource(s) setup for UE[3] count[1]
