Open5GS daemon v2.4.4

05/18 09:16:06.551: [app] INFO: Configuration: '/open5gs/install/etc/open5gs/nrf.yaml' (../lib/app/ogs-init.c:129)
05/18 09:16:06.551: [app] INFO: File Logging: '/open5gs/install/var/log/open5gs/nrf.log' (../lib/app/ogs-init.c:132)
05/18 09:16:06.557: [sbi] INFO: nghttp2_server() [127.0.0.10]:7777 (../lib/sbi/nghttp2-server.c:144)
05/18 09:16:06.559: [app] INFO: NRF initialize...done (../src/nrf/app.c:31)
05/18 09:16:11.332: [nrf] INFO: [44a674a8-14f7-41ef-b864-2d2bfcdd9d7d] NF registred [Heartbeat:10s] (../src/nrf/nf-sm.c:192)
05/18 09:16:11.354: [nrf] INFO: [449e37c0-14f7-41ef-b7ad-953c4cf20092] NF registred [Heartbeat:10s] (../src/nrf/nf-sm.c:192)
05/18 09:16:11.355: [nrf] INFO: [44a85e44-14f7-41ef-997a-17124f164036] NF registred [Heartbeat:10s] (../src/nrf/nf-sm.c:192)
05/18 09:16:11.385: [nrf] INFO: [44b0ecf8-14f7-41ef-9640-7db2bf13020d] NF registred [Heartbeat:10s] (../src/nrf/nf-sm.c:192)
05/18 09:16:11.403: [nrf] INFO: [44a93f62-14f7-41ef-9704-13783750d4d0] NF registred [Heartbeat:10s] (../src/nrf/nf-sm.c:192)
05/18 09:16:11.441: [nrf] INFO: [44b4945c-14f7-41ef-b702-1d91a9c6ecdf] NF registred [Heartbeat:10s] (../src/nrf/nf-sm.c:192)
Open5GS daemon v2.4.4

05/18 09:21:48.428: [app] INFO: Configuration: '/open5gs/install/etc/open5gs/nrf.yaml' (../lib/app/ogs-init.c:129)
05/18 09:21:48.428: [app] INFO: File Logging: '/open5gs/install/var/log/open5gs/nrf.log' (../lib/app/ogs-init.c:132)
05/18 09:21:48.433: [sbi] INFO: nghttp2_server() [127.0.0.10]:7777 (../lib/sbi/nghttp2-server.c:144)
05/18 09:21:48.434: [app] INFO: NRF initialize...done (../src/nrf/app.c:31)
05/18 09:21:53.440: [nrf] INFO: [1093c4b2-14f8-41ef-899a-cd39539a398e] NF registred [Heartbeat:10s] (../src/nrf/nf-sm.c:192)
05/18 09:21:53.448: [nrf] INFO: [10941f20-14f8-41ef-938b-1d93fd425f63] NF registred [Heartbeat:10s] (../src/nrf/nf-sm.c:192)
05/18 09:21:53.459: [nrf] INFO: [1095d25c-14f8-41ef-8af2-411bfd53ed6b] NF registred [Heartbeat:10s] (../src/nrf/nf-sm.c:192)
05/18 09:21:53.471: [nrf] INFO: [1098546e-14f8-41ef-a277-5119c7f30c42] NF registred [Heartbeat:10s] (../src/nrf/nf-sm.c:192)
05/18 09:21:53.487: [nrf] INFO: [10988fb0-14f8-41ef-a75e-1d521ea19b05] NF registred [Heartbeat:10s] (../src/nrf/nf-sm.c:192)
05/18 09:21:53.496: [nrf] INFO: [1096b3ca-14f8-41ef-afef-5d6ac3464dc2] NF registred [Heartbeat:10s] (../src/nrf/nf-sm.c:192)
05/18 09:21:53.498: [nrf] INFO: [109c06ae-14f8-41ef-8cfc-332db1136599] NF registred [Heartbeat:10s] (../src/nrf/nf-sm.c:192)
05/18 09:21:53.606: [nrf] INFO: [10a0d242-14f8-41ef-a17c-333195e4e22a] NF registred [Heartbeat:10s] (../src/nrf/nf-sm.c:192)
Open5GS daemon v2.4.4

05/18 11:39:19.017: [app] INFO: Configuration: '/open5gs/install/etc/open5gs/nrf.yaml' (../lib/app/ogs-init.c:129)
05/18 11:39:19.018: [app] INFO: File Logging: '/open5gs/install/var/log/open5gs/nrf.log' (../lib/app/ogs-init.c:132)
05/18 11:39:19.029: [sbi] INFO: nghttp2_server() [127.0.0.10]:7777 (../lib/sbi/nghttp2-server.c:144)
05/18 11:39:19.031: [app] INFO: NRF initialize...done (../src/nrf/app.c:31)
05/18 11:39:24.065: [nrf] INFO: [464e8552-150b-41ef-93c1-ebf2b95e4fe9] NF registred [Heartbeat:10s] (../src/nrf/nf-sm.c:192)
05/18 11:39:24.072: [nrf] INFO: [464efc80-150b-41ef-9913-83696a58ad82] NF registred [Heartbeat:10s] (../src/nrf/nf-sm.c:192)
05/18 11:39:24.192: [nrf] INFO: [4667d714-150b-41ef-ac01-938089d1a78b] NF registred [Heartbeat:10s] (../src/nrf/nf-sm.c:192)
05/18 11:39:24.196: [nrf] INFO: [466484ec-150b-41ef-b941-052340c3333a] NF registred [Heartbeat:10s] (../src/nrf/nf-sm.c:192)
05/18 11:39:24.240: [nrf] INFO: [466e3f64-150b-41ef-99b1-a3f45a0ab5de] NF registred [Heartbeat:10s] (../src/nrf/nf-sm.c:192)
05/18 11:39:24.248: [nrf] INFO: [4666a006-150b-41ef-b1d7-85d7c4a6d53e] NF registred [Heartbeat:10s] (../src/nrf/nf-sm.c:192)
05/18 11:39:24.669: [nrf] INFO: [468277ea-150b-41ef-bc45-e970acf8b6f9] NF registred [Heartbeat:10s] (../src/nrf/nf-sm.c:192)
Open5GS daemon v2.4.4

05/18 11:40:50.413: [app] INFO: Configuration: '/open5gs/install/etc/open5gs/nrf.yaml' (../lib/app/ogs-init.c:129)
05/18 11:40:50.420: [app] INFO: File Logging: '/open5gs/install/var/log/open5gs/nrf.log' (../lib/app/ogs-init.c:132)
05/18 11:40:50.422: [sbi] INFO: nghttp2_server() [127.0.0.10]:7777 (../lib/sbi/nghttp2-server.c:144)
05/18 11:40:50.433: [app] INFO: NRF initialize...done (../src/nrf/app.c:31)
05/18 11:40:55.468: [nrf] INFO: [7ccea300-150b-41ef-8e89-87d7e9d342f2] NF registred [Heartbeat:10s] (../src/nrf/nf-sm.c:192)
05/18 11:40:55.478: [nrf] INFO: [7cd04cc8-150b-41ef-ad91-35fac631218e] NF registred [Heartbeat:10s] (../src/nrf/nf-sm.c:192)
05/18 11:40:55.488: [nrf] INFO: [7cce94aa-150b-41ef-a4c2-4fe0cac1aad5] NF registred [Heartbeat:10s] (../src/nrf/nf-sm.c:192)
05/18 11:40:55.500: [nrf] INFO: [7ccfdd56-150b-41ef-8589-a3e47daa4a10] NF registred [Heartbeat:10s] (../src/nrf/nf-sm.c:192)
05/18 11:40:55.501: [nrf] INFO: [7cd4bd3a-150b-41ef-bf4e-31f2fbb3d9c0] NF registred [Heartbeat:10s] (../src/nrf/nf-sm.c:192)
05/18 11:40:55.505: [nrf] INFO: [7cd3d5b4-150b-41ef-9d76-9d24386291e0] NF registred [Heartbeat:10s] (../src/nrf/nf-sm.c:192)
05/18 11:40:55.519: [nrf] INFO: [7cd83f14-150b-41ef-a557-133146652d98] NF registred [Heartbeat:10s] (../src/nrf/nf-sm.c:192)
05/18 11:40:55.713: [nrf] INFO: [7cd5a1c8-150b-41ef-b33b-8de57cf6e2c8] NF registred [Heartbeat:10s] (../src/nrf/nf-sm.c:192)
