Open5GS daemon v2.4.4

05/12 12:20:26.483: [app] INFO: Configuration: '/open5gs/install/etc/open5gs/nssf.yaml' (../lib/app/ogs-init.c:129)
05/12 12:20:26.484: [app] INFO: File Logging: '/open5gs/install/var/log/open5gs/nssf.log' (../lib/app/ogs-init.c:132)
05/12 12:20:26.486: [sbi] INFO: nghttp2_server() [127.0.0.14]:7777 (../lib/sbi/nghttp2-server.c:144)
05/12 12:20:26.487: [app] INFO: NSSF initialize...done (../src/nssf/app.c:31)
05/12 12:20:26.510: [nssf] INFO: [03934794-105a-41ef-8841-e1cc1c87b56e] NF registred [Heartbeat:10s] (../src/nssf/nf-sm.c:198)
Open5GS daemon v2.4.4

05/12 12:28:06.668: [app] INFO: Configuration: '/open5gs/install/etc/open5gs/nssf.yaml' (../lib/app/ogs-init.c:129)
05/12 12:28:06.669: [app] INFO: File Logging: '/open5gs/install/var/log/open5gs/nssf.log' (../lib/app/ogs-init.c:132)
05/12 12:28:06.674: [sbi] INFO: nghttp2_server() [127.0.0.14]:7777 (../lib/sbi/nghttp2-server.c:144)
05/12 12:28:06.679: [app] INFO: NSSF initialize...done (../src/nssf/app.c:31)
05/12 12:28:06.684: [nssf] INFO: [15de803e-105b-41ef-a6b4-e700314c87dd] NF registred [Heartbeat:10s] (../src/nssf/nf-sm.c:198)
Open5GS daemon v2.4.4

05/12 12:32:12.509: [app] INFO: Configuration: '/open5gs/install/etc/open5gs/nssf.yaml' (../lib/app/ogs-init.c:129)
05/12 12:32:12.516: [app] INFO: File Logging: '/open5gs/install/var/log/open5gs/nssf.log' (../lib/app/ogs-init.c:132)
05/12 12:32:12.519: [sbi] INFO: nghttp2_server() [127.0.0.14]:7777 (../lib/sbi/nghttp2-server.c:144)
05/12 12:32:12.526: [app] INFO: NSSF initialize...done (../src/nssf/app.c:31)
05/12 12:32:12.531: [nssf] INFO: [a86741fc-105b-41ef-b7f3-f5e9abb564b2] NF registred [Heartbeat:10s] (../src/nssf/nf-sm.c:198)
Open5GS daemon v2.4.4

05/12 12:34:47.263: [app] INFO: Configuration: '/open5gs/install/etc/open5gs/nssf.yaml' (../lib/app/ogs-init.c:129)
05/12 12:34:47.264: [app] INFO: File Logging: '/open5gs/install/var/log/open5gs/nssf.log' (../lib/app/ogs-init.c:132)
05/12 12:34:47.265: [sbi] INFO: nghttp2_server() [127.0.0.14]:7777 (../lib/sbi/nghttp2-server.c:144)
05/12 12:34:47.274: [app] INFO: NSSF initialize...done (../src/nssf/app.c:31)
05/12 12:34:47.279: [nssf] INFO: [04a3c698-105c-41ef-b5c2-85f897e96de2] NF registred [Heartbeat:10s] (../src/nssf/nf-sm.c:198)
Open5GS daemon v2.4.4

05/12 12:59:05.810: [app] INFO: Configuration: '/open5gs/install/etc/open5gs/nssf.yaml' (../lib/app/ogs-init.c:129)
05/12 12:59:05.810: [app] INFO: File Logging: '/open5gs/install/var/log/open5gs/nssf.log' (../lib/app/ogs-init.c:132)
05/12 12:59:05.812: [sbi] INFO: nghttp2_server() [127.0.0.14]:7777 (../lib/sbi/nghttp2-server.c:144)
05/12 12:59:05.815: [app] INFO: NSSF initialize...done (../src/nssf/app.c:31)
05/12 12:59:05.823: [nssf] INFO: [6a0034a6-105f-41ef-bceb-0f64b022e2c8] NF registred [Heartbeat:10s] (../src/nssf/nf-sm.c:198)
Open5GS daemon v2.4.4

05/12 16:10:34.525: [app] INFO: Configuration: '/open5gs/install/etc/open5gs/nssf.yaml' (../lib/app/ogs-init.c:129)
05/12 16:10:34.528: [app] INFO: File Logging: '/open5gs/install/var/log/open5gs/nssf.log' (../lib/app/ogs-init.c:132)
05/12 16:10:34.540: [sbi] INFO: nghttp2_server() [127.0.0.14]:7777 (../lib/sbi/nghttp2-server.c:144)
05/12 16:10:34.547: [app] INFO: NSSF initialize...done (../src/nssf/app.c:31)
05/12 16:10:34.563: [nssf] INFO: [29cfb116-107a-41ef-8c0f-2f10532b99d7] NF registred [Heartbeat:10s] (../src/nssf/nf-sm.c:198)
Open5GS daemon v2.4.4

05/12 16:59:31.908: [app] INFO: Configuration: '/open5gs/install/etc/open5gs/nssf.yaml' (../lib/app/ogs-init.c:129)
05/12 16:59:31.909: [app] INFO: File Logging: '/open5gs/install/var/log/open5gs/nssf.log' (../lib/app/ogs-init.c:132)
05/12 16:59:31.910: [sbi] INFO: nghttp2_server() [127.0.0.14]:7777 (../lib/sbi/nghttp2-server.c:144)
05/12 16:59:31.911: [app] INFO: NSSF initialize...done (../src/nssf/app.c:31)
05/12 16:59:31.913: [nssf] INFO: [00a04434-1081-41ef-9462-03198e0d09da] NF registred [Heartbeat:10s] (../src/nssf/nf-sm.c:198)
05/12 17:01:43.490: [app] INFO: SIGHUP received (../src/main.c:58)
