Open5GS daemon v2.4.4

05/12 12:20:26.409: [app] INFO: Configuration: '/open5gs/install/etc/open5gs/pcf.yaml' (../lib/app/ogs-init.c:129)
05/12 12:20:26.409: [app] INFO: File Logging: '/open5gs/install/var/log/open5gs/pcf.log' (../lib/app/ogs-init.c:132)
05/12 12:20:26.440: [dbi] INFO: MongoDB URI: 'mongodb://localhost/open5gs' (../lib/dbi/ogs-mongoc.c:130)
05/12 12:20:26.440: [sbi] INFO: nghttp2_server() [127.0.0.13]:7777 (../lib/sbi/nghttp2-server.c:144)
05/12 12:20:26.447: [app] INFO: PCF initialize...done (../src/pcf/app.c:31)
05/12 12:20:26.456: [pcf] INFO: [038812ca-105a-41ef-b13e-5750d49820f2] NF registred [Heartbeat:10s] (../src/pcf/nf-sm.c:198)
05/12 12:20:26.526: [pcf] INFO: [03979ec0-105a-41ef-8907-4f7d11497a3c] (NRF-notify) NF registered (../src/pcf/nnrf-handler.c:180)
05/12 12:20:26.527: [pcf] INFO: [03979ec0-105a-41ef-8907-4f7d11497a3c] (NRF-notify) NF Profile updated (../src/pcf/nnrf-handler.c:199)
05/12 12:20:49.114: [app] WARNING: Try to discover [BSF] (../lib/sbi/path.c:110)
05/12 12:20:49.116: [pcf] INFO: [037ce116-105a-41ef-8c31-57c098eec504] (NF-discover) NF registered (../src/pcf/nnrf-handler.c:286)
05/12 12:20:49.116: [pcf] INFO: [037ce116-105a-41ef-8c31-57c098eec504] (NF-discover) NF Profile updated (../src/pcf/nnrf-handler.c:346)
Open5GS daemon v2.4.4

05/12 12:28:06.692: [app] INFO: Configuration: '/open5gs/install/etc/open5gs/pcf.yaml' (../lib/app/ogs-init.c:129)
05/12 12:28:06.693: [app] INFO: File Logging: '/open5gs/install/var/log/open5gs/pcf.log' (../lib/app/ogs-init.c:132)
05/12 12:28:06.699: [dbi] INFO: MongoDB URI: 'mongodb://localhost/open5gs' (../lib/dbi/ogs-mongoc.c:130)
05/12 12:28:06.700: [sbi] INFO: nghttp2_server() [127.0.0.13]:7777 (../lib/sbi/nghttp2-server.c:144)
05/12 12:28:06.707: [app] INFO: PCF initialize...done (../src/pcf/app.c:31)
05/12 12:28:06.713: [pcf] INFO: [15e181bc-105b-41ef-91f3-cbbcdfac2705] NF registred [Heartbeat:10s] (../src/pcf/nf-sm.c:198)
05/12 12:28:55.365: [app] WARNING: Try to discover [UDR] (../lib/sbi/path.c:110)
05/12 12:28:55.366: [pcf] INFO: [15e1fd4a-105b-41ef-8fdb-516fac83328c] (NF-discover) NF registered (../src/pcf/nnrf-handler.c:286)
05/12 12:28:55.367: [pcf] INFO: [15e1fd4a-105b-41ef-8fdb-516fac83328c] (NF-discover) NF Profile updated (../src/pcf/nnrf-handler.c:346)
05/12 12:28:55.639: [app] WARNING: Try to discover [BSF] (../lib/sbi/path.c:110)
05/12 12:28:55.640: [pcf] INFO: [15de32f0-105b-41ef-a69b-2d189aed7fc6] (NF-discover) NF registered (../src/pcf/nnrf-handler.c:286)
05/12 12:28:55.641: [pcf] INFO: [15de32f0-105b-41ef-a69b-2d189aed7fc6] (NF-discover) NF Profile updated (../src/pcf/nnrf-handler.c:346)
Open5GS daemon v2.4.4

05/12 12:32:12.550: [app] INFO: Configuration: '/open5gs/install/etc/open5gs/pcf.yaml' (../lib/app/ogs-init.c:129)
05/12 12:32:12.551: [app] INFO: File Logging: '/open5gs/install/var/log/open5gs/pcf.log' (../lib/app/ogs-init.c:132)
05/12 12:32:12.554: [dbi] INFO: MongoDB URI: 'mongodb://localhost/open5gs' (../lib/dbi/ogs-mongoc.c:130)
05/12 12:32:12.555: [sbi] INFO: nghttp2_server() [127.0.0.13]:7777 (../lib/sbi/nghttp2-server.c:144)
05/12 12:32:12.556: [app] INFO: PCF initialize...done (../src/pcf/app.c:31)
05/12 12:32:12.559: [pcf] INFO: [a86c6bbe-105b-41ef-929a-87761a908dd8] NF registred [Heartbeat:10s] (../src/pcf/nf-sm.c:198)
05/12 12:32:59.926: [app] WARNING: Try to discover [UDR] (../lib/sbi/path.c:110)
05/12 12:32:59.927: [pcf] INFO: [a86740c6-105b-41ef-b1b1-1df82a7bb1ae] (NF-discover) NF registered (../src/pcf/nnrf-handler.c:286)
05/12 12:32:59.928: [pcf] INFO: [a86740c6-105b-41ef-b1b1-1df82a7bb1ae] (NF-discover) NF Profile updated (../src/pcf/nnrf-handler.c:346)
05/12 12:33:00.069: [app] WARNING: Try to discover [BSF] (../lib/sbi/path.c:110)
05/12 12:33:00.075: [pcf] INFO: [a867627c-105b-41ef-8975-ebe50586611c] (NF-discover) NF registered (../src/pcf/nnrf-handler.c:286)
05/12 12:33:00.077: [pcf] INFO: [a867627c-105b-41ef-8975-ebe50586611c] (NF-discover) NF Profile updated (../src/pcf/nnrf-handler.c:346)
Open5GS daemon v2.4.4

05/12 12:34:47.284: [app] INFO: Configuration: '/open5gs/install/etc/open5gs/pcf.yaml' (../lib/app/ogs-init.c:129)
05/12 12:34:47.284: [app] INFO: File Logging: '/open5gs/install/var/log/open5gs/pcf.log' (../lib/app/ogs-init.c:132)
05/12 12:34:47.303: [dbi] INFO: MongoDB URI: 'mongodb://localhost/open5gs' (../lib/dbi/ogs-mongoc.c:130)
05/12 12:34:47.303: [sbi] INFO: nghttp2_server() [127.0.0.13]:7777 (../lib/sbi/nghttp2-server.c:144)
05/12 12:34:47.308: [app] INFO: PCF initialize...done (../src/pcf/app.c:31)
05/12 12:34:47.312: [pcf] INFO: [04a6d180-105c-41ef-bc6b-3302750a2dbc] NF registred [Heartbeat:10s] (../src/pcf/nf-sm.c:198)
05/12 12:35:10.015: [app] WARNING: Try to discover [UDR] (../lib/sbi/path.c:110)
05/12 12:35:10.017: [app] WARNING: Try to discover [UDR] (../lib/sbi/path.c:110)
05/12 12:35:10.018: [pcf] INFO: [04a721a8-105c-41ef-a859-8dd2915ed911] (NF-discover) NF registered (../src/pcf/nnrf-handler.c:286)
05/12 12:35:10.019: [pcf] INFO: [04a721a8-105c-41ef-a859-8dd2915ed911] (NF-discover) NF Profile updated (../src/pcf/nnrf-handler.c:346)
05/12 12:35:10.020: [pcf] WARNING: [04a721a8-105c-41ef-a859-8dd2915ed911] (NF-discover) NF has already been added (../src/pcf/nnrf-handler.c:291)
05/12 12:35:10.020: [pcf] INFO: [04a721a8-105c-41ef-a859-8dd2915ed911] (NF-discover) NF Profile updated (../src/pcf/nnrf-handler.c:346)
05/12 12:35:10.113: [app] WARNING: Try to discover [BSF] (../lib/sbi/path.c:110)
05/12 12:35:10.115: [pcf] INFO: [04a40306-105c-41ef-9f96-475510ae902e] (NF-discover) NF registered (../src/pcf/nnrf-handler.c:286)
05/12 12:35:10.116: [pcf] INFO: [04a40306-105c-41ef-9f96-475510ae902e] (NF-discover) NF Profile updated (../src/pcf/nnrf-handler.c:346)
Open5GS daemon v2.4.4

05/12 12:59:05.744: [app] INFO: Configuration: '/open5gs/install/etc/open5gs/pcf.yaml' (../lib/app/ogs-init.c:129)
05/12 12:59:05.744: [app] INFO: File Logging: '/open5gs/install/var/log/open5gs/pcf.log' (../lib/app/ogs-init.c:132)
05/12 12:59:05.764: [dbi] INFO: MongoDB URI: 'mongodb://localhost/open5gs' (../lib/dbi/ogs-mongoc.c:130)
05/12 12:59:05.764: [sbi] INFO: nghttp2_server() [127.0.0.13]:7777 (../lib/sbi/nghttp2-server.c:144)
05/12 12:59:05.775: [app] INFO: PCF initialize...done (../src/pcf/app.c:31)
05/12 12:59:05.801: [pcf] INFO: [69f6597c-105f-41ef-bff9-91ae37dbf08e] NF registred [Heartbeat:10s] (../src/pcf/nf-sm.c:198)
05/12 12:59:05.839: [pcf] INFO: [69ff3f4c-105f-41ef-8ba7-33d730f0c466] (NRF-notify) NF registered (../src/pcf/nnrf-handler.c:180)
05/12 12:59:05.840: [pcf] INFO: [69ff3f4c-105f-41ef-8ba7-33d730f0c466] (NRF-notify) NF Profile updated (../src/pcf/nnrf-handler.c:199)
05/12 12:59:42.700: [app] WARNING: Try to discover [BSF] (../lib/sbi/path.c:110)
05/12 12:59:42.701: [pcf] INFO: [69eea13c-105f-41ef-9e6e-6b69afcf4426] (NF-discover) NF registered (../src/pcf/nnrf-handler.c:286)
05/12 12:59:42.702: [pcf] INFO: [69eea13c-105f-41ef-9e6e-6b69afcf4426] (NF-discover) NF Profile updated (../src/pcf/nnrf-handler.c:346)
Open5GS daemon v2.4.4

05/12 16:10:34.566: [app] INFO: Configuration: '/open5gs/install/etc/open5gs/pcf.yaml' (../lib/app/ogs-init.c:129)
05/12 16:10:34.567: [app] INFO: File Logging: '/open5gs/install/var/log/open5gs/pcf.log' (../lib/app/ogs-init.c:132)
05/12 16:10:34.582: [dbi] INFO: MongoDB URI: 'mongodb://localhost/open5gs' (../lib/dbi/ogs-mongoc.c:130)
05/12 16:10:34.583: [sbi] INFO: nghttp2_server() [127.0.0.13]:7777 (../lib/sbi/nghttp2-server.c:144)
05/12 16:10:34.588: [app] INFO: PCF initialize...done (../src/pcf/app.c:31)
05/12 16:10:34.597: [pcf] INFO: [29d685ea-107a-41ef-80bd-094f4d2f77bc] NF registred [Heartbeat:10s] (../src/pcf/nf-sm.c:198)
05/12 16:10:57.186: [app] WARNING: Try to discover [UDR] (../lib/sbi/path.c:110)
05/12 16:10:57.187: [pcf] INFO: [29d5b1f6-107a-41ef-8a35-fbed0559ba36] (NF-discover) NF registered (../src/pcf/nnrf-handler.c:286)
05/12 16:10:57.188: [pcf] INFO: [29d5b1f6-107a-41ef-8a35-fbed0559ba36] (NF-discover) NF Profile updated (../src/pcf/nnrf-handler.c:346)
05/12 16:10:57.301: [app] WARNING: Try to discover [BSF] (../lib/sbi/path.c:110)
05/12 16:10:57.303: [pcf] INFO: [29cd007e-107a-41ef-9b15-49c0abd2c017] (NF-discover) NF registered (../src/pcf/nnrf-handler.c:286)
05/12 16:10:57.304: [pcf] INFO: [29cd007e-107a-41ef-9b15-49c0abd2c017] (NF-discover) NF Profile updated (../src/pcf/nnrf-handler.c:346)
Open5GS daemon v2.4.4

05/12 16:59:31.909: [app] INFO: Configuration: '/open5gs/install/etc/open5gs/pcf.yaml' (../lib/app/ogs-init.c:129)
05/12 16:59:31.909: [app] INFO: File Logging: '/open5gs/install/var/log/open5gs/pcf.log' (../lib/app/ogs-init.c:132)
05/12 16:59:31.928: [dbi] INFO: MongoDB URI: 'mongodb://localhost/open5gs' (../lib/dbi/ogs-mongoc.c:130)
05/12 16:59:31.928: [sbi] INFO: nghttp2_server() [127.0.0.13]:7777 (../lib/sbi/nghttp2-server.c:144)
05/12 16:59:31.929: [app] INFO: PCF initialize...done (../src/pcf/app.c:31)
05/12 16:59:31.941: [pcf] INFO: [00a0e920-1081-41ef-a3d0-8dea3f05200c] NF registred [Heartbeat:10s] (../src/pcf/nf-sm.c:198)
05/12 16:59:54.315: [app] WARNING: Try to discover [UDR] (../lib/sbi/path.c:110)
05/12 16:59:54.316: [pcf] INFO: [00a04628-1081-41ef-9e1a-39d42a0ec290] (NF-discover) NF registered (../src/pcf/nnrf-handler.c:286)
05/12 16:59:54.317: [pcf] INFO: [00a04628-1081-41ef-9e1a-39d42a0ec290] (NF-discover) NF Profile updated (../src/pcf/nnrf-handler.c:346)
05/12 16:59:54.420: [app] WARNING: Try to discover [BSF] (../lib/sbi/path.c:110)
05/12 16:59:54.424: [pcf] INFO: [00a1ab26-1081-41ef-9246-2b035d4ed5d1] (NF-discover) NF registered (../src/pcf/nnrf-handler.c:286)
05/12 16:59:54.425: [pcf] INFO: [00a1ab26-1081-41ef-9246-2b035d4ed5d1] (NF-discover) NF Profile updated (../src/pcf/nnrf-handler.c:346)
