Open5GS daemon v2.4.4

05/12 12:20:26.337: [app] INFO: Configuration: '/open5gs/install/etc/open5gs/udm.yaml' (../lib/app/ogs-init.c:129)
05/12 12:20:26.337: [app] INFO: File Logging: '/open5gs/install/var/log/open5gs/udm.log' (../lib/app/ogs-init.c:132)
05/12 12:20:26.363: [sbi] INFO: nghttp2_server() [127.0.0.12]:7777 (../lib/sbi/nghttp2-server.c:144)
05/12 12:20:26.411: [app] INFO: UDM initialize...done (../src/udm/app.c:31)
05/12 12:20:26.429: [udm] INFO: [038096ee-105a-41ef-95a1-0f62fc12e30f] NF registred [Heartbeat:10s] (../src/udm/nf-sm.c:198)
05/12 12:20:26.523: [udm] INFO: [03979ec0-105a-41ef-8907-4f7d11497a3c] (NRF-notify) NF registered (../src/udm/nnrf-handler.c:180)
05/12 12:20:26.523: [udm] INFO: [03979ec0-105a-41ef-8907-4f7d11497a3c] (NRF-notify) NF Profile updated (../src/udm/nnrf-handler.c:199)
Open5GS daemon v2.4.4

05/12 12:28:06.663: [app] INFO: Configuration: '/open5gs/install/etc/open5gs/udm.yaml' (../lib/app/ogs-init.c:129)
05/12 12:28:06.664: [app] INFO: File Logging: '/open5gs/install/var/log/open5gs/udm.log' (../lib/app/ogs-init.c:132)
05/12 12:28:06.676: [sbi] INFO: nghttp2_server() [127.0.0.12]:7777 (../lib/sbi/nghttp2-server.c:144)
05/12 12:28:06.686: [app] INFO: UDM initialize...done (../src/udm/app.c:31)
05/12 12:28:06.688: [udm] INFO: [15de348a-105b-41ef-a4fe-417a7e5ac571] NF registred [Heartbeat:10s] (../src/udm/nf-sm.c:198)
05/12 12:28:06.712: [udm] INFO: [15e1fd4a-105b-41ef-8fdb-516fac83328c] (NRF-notify) NF registered (../src/udm/nnrf-handler.c:180)
05/12 12:28:06.712: [udm] INFO: [15e1fd4a-105b-41ef-8fdb-516fac83328c] (NRF-notify) NF Profile updated (../src/udm/nnrf-handler.c:199)
Open5GS daemon v2.4.4

05/12 12:32:12.506: [app] INFO: Configuration: '/open5gs/install/etc/open5gs/udm.yaml' (../lib/app/ogs-init.c:129)
05/12 12:32:12.507: [app] INFO: File Logging: '/open5gs/install/var/log/open5gs/udm.log' (../lib/app/ogs-init.c:132)
05/12 12:32:12.508: [sbi] INFO: nghttp2_server() [127.0.0.12]:7777 (../lib/sbi/nghttp2-server.c:144)
05/12 12:32:12.520: [app] INFO: UDM initialize...done (../src/udm/app.c:31)
05/12 12:32:12.524: [udm] INFO: [a865b33c-105b-41ef-ad26-011f33e0aace] NF registred [Heartbeat:10s] (../src/udm/nf-sm.c:198)
05/12 12:32:12.540: [udm] INFO: [a86740c6-105b-41ef-b1b1-1df82a7bb1ae] (NRF-notify) NF registered (../src/udm/nnrf-handler.c:180)
05/12 12:32:12.540: [udm] INFO: [a86740c6-105b-41ef-b1b1-1df82a7bb1ae] (NRF-notify) NF Profile updated (../src/udm/nnrf-handler.c:199)
Open5GS daemon v2.4.4

05/12 12:34:47.249: [app] INFO: Configuration: '/open5gs/install/etc/open5gs/udm.yaml' (../lib/app/ogs-init.c:129)
05/12 12:34:47.251: [app] INFO: File Logging: '/open5gs/install/var/log/open5gs/udm.log' (../lib/app/ogs-init.c:132)
05/12 12:34:47.259: [sbi] INFO: nghttp2_server() [127.0.0.12]:7777 (../lib/sbi/nghttp2-server.c:144)
05/12 12:34:47.260: [app] INFO: UDM initialize...done (../src/udm/app.c:31)
05/12 12:34:47.271: [udm] INFO: [04a1f8d6-105c-41ef-ba22-f701d48d50e3] NF registred [Heartbeat:10s] (../src/udm/nf-sm.c:198)
05/12 12:34:47.306: [udm] INFO: [04a721a8-105c-41ef-a859-8dd2915ed911] (NRF-notify) NF registered (../src/udm/nnrf-handler.c:180)
05/12 12:34:47.307: [udm] INFO: [04a721a8-105c-41ef-a859-8dd2915ed911] (NRF-notify) NF Profile updated (../src/udm/nnrf-handler.c:199)
Open5GS daemon v2.4.4

05/12 12:59:05.703: [app] INFO: Configuration: '/open5gs/install/etc/open5gs/udm.yaml' (../lib/app/ogs-init.c:129)
05/12 12:59:05.718: [app] INFO: File Logging: '/open5gs/install/var/log/open5gs/udm.log' (../lib/app/ogs-init.c:132)
05/12 12:59:05.719: [sbi] INFO: nghttp2_server() [127.0.0.12]:7777 (../lib/sbi/nghttp2-server.c:144)
05/12 12:59:05.735: [app] INFO: UDM initialize...done (../src/udm/app.c:31)
05/12 12:59:05.748: [udm] INFO: [69f240ee-105f-41ef-8666-b5e63b8612ac] NF registred [Heartbeat:10s] (../src/udm/nf-sm.c:198)
05/12 12:59:05.838: [udm] INFO: [69ff3f4c-105f-41ef-8ba7-33d730f0c466] (NRF-notify) NF registered (../src/udm/nnrf-handler.c:180)
05/12 12:59:05.839: [udm] INFO: [69ff3f4c-105f-41ef-8ba7-33d730f0c466] (NRF-notify) NF Profile updated (../src/udm/nnrf-handler.c:199)
Open5GS daemon v2.4.4

05/12 16:10:34.504: [app] INFO: Configuration: '/open5gs/install/etc/open5gs/udm.yaml' (../lib/app/ogs-init.c:129)
05/12 16:10:34.505: [app] INFO: File Logging: '/open5gs/install/var/log/open5gs/udm.log' (../lib/app/ogs-init.c:132)
05/12 16:10:34.510: [sbi] INFO: nghttp2_server() [127.0.0.12]:7777 (../lib/sbi/nghttp2-server.c:144)
05/12 16:10:34.527: [app] INFO: UDM initialize...done (../src/udm/app.c:31)
05/12 16:10:34.536: [udm] INFO: [29cc0b10-107a-41ef-8cd4-e9a7993b6efb] NF registred [Heartbeat:10s] (../src/udm/nf-sm.c:198)
05/12 16:10:34.589: [udm] INFO: [29d5b1f6-107a-41ef-8a35-fbed0559ba36] (NRF-notify) NF registered (../src/udm/nnrf-handler.c:180)
05/12 16:10:34.589: [udm] INFO: [29d5b1f6-107a-41ef-8a35-fbed0559ba36] (NRF-notify) NF Profile updated (../src/udm/nnrf-handler.c:199)
Open5GS daemon v2.4.4

05/12 16:59:31.924: [app] INFO: Configuration: '/open5gs/install/etc/open5gs/udm.yaml' (../lib/app/ogs-init.c:129)
05/12 16:59:31.924: [app] INFO: File Logging: '/open5gs/install/var/log/open5gs/udm.log' (../lib/app/ogs-init.c:132)
05/12 16:59:31.925: [sbi] INFO: nghttp2_server() [127.0.0.12]:7777 (../lib/sbi/nghttp2-server.c:144)
05/12 16:59:31.931: [app] INFO: UDM initialize...done (../src/udm/app.c:31)
05/12 16:59:31.948: [udm] INFO: [00a29e14-1081-41ef-b7f4-d161a45b1b66] NF registred [Heartbeat:10s] (../src/udm/nf-sm.c:198)
05/12 16:59:54.083: [app] WARNING: Try to discover [UDR] (../lib/sbi/path.c:110)
05/12 16:59:54.086: [udm] INFO: [00a04628-1081-41ef-9e1a-39d42a0ec290] (NF-discover) NF registered (../src/udm/nnrf-handler.c:284)
05/12 16:59:54.086: [udm] INFO: [00a04628-1081-41ef-9e1a-39d42a0ec290] (NF-discover) NF Profile updated (../src/udm/nnrf-handler.c:330)
