Open5GS daemon v2.4.4

05/12 12:20:26.512: [app] INFO: Configuration: '/open5gs/install/etc/open5gs/udr.yaml' (../lib/app/ogs-init.c:129)
05/12 12:20:26.512: [app] INFO: File Logging: '/open5gs/install/var/log/open5gs/udr.log' (../lib/app/ogs-init.c:132)
05/12 12:20:26.518: [dbi] INFO: MongoDB URI: 'mongodb://localhost/open5gs' (../lib/dbi/ogs-mongoc.c:130)
05/12 12:20:26.519: [sbi] INFO: nghttp2_server() [127.0.0.20]:7777 (../lib/sbi/nghttp2-server.c:144)
05/12 12:20:26.520: [app] INFO: UDR initialize...done (../src/udr/app.c:31)
05/12 12:20:26.524: [udr] INFO: [03979ec0-105a-41ef-8907-4f7d11497a3c] NF registred [Heartbeat:10s] (../src/udr/nf-sm.c:198)
Open5GS daemon v2.4.4

05/12 12:28:06.695: [app] INFO: Configuration: '/open5gs/install/etc/open5gs/udr.yaml' (../lib/app/ogs-init.c:129)
05/12 12:28:06.696: [app] INFO: File Logging: '/open5gs/install/var/log/open5gs/udr.log' (../lib/app/ogs-init.c:132)
05/12 12:28:06.704: [dbi] INFO: MongoDB URI: 'mongodb://localhost/open5gs' (../lib/dbi/ogs-mongoc.c:130)
05/12 12:28:06.705: [sbi] INFO: nghttp2_server() [127.0.0.20]:7777 (../lib/sbi/nghttp2-server.c:144)
05/12 12:28:06.712: [udr] INFO: [15e1fd4a-105b-41ef-8fdb-516fac83328c] NF registred [Heartbeat:10s] (../src/udr/nf-sm.c:198)
05/12 12:28:06.713: [app] INFO: UDR initialize...done (../src/udr/app.c:31)
Open5GS daemon v2.4.4

05/12 12:32:12.517: [app] INFO: Configuration: '/open5gs/install/etc/open5gs/udr.yaml' (../lib/app/ogs-init.c:129)
05/12 12:32:12.517: [app] INFO: File Logging: '/open5gs/install/var/log/open5gs/udr.log' (../lib/app/ogs-init.c:132)
05/12 12:32:12.534: [dbi] INFO: MongoDB URI: 'mongodb://localhost/open5gs' (../lib/dbi/ogs-mongoc.c:130)
05/12 12:32:12.534: [sbi] INFO: nghttp2_server() [127.0.0.20]:7777 (../lib/sbi/nghttp2-server.c:144)
05/12 12:32:12.535: [app] INFO: UDR initialize...done (../src/udr/app.c:31)
05/12 12:32:12.541: [udr] INFO: [a86740c6-105b-41ef-b1b1-1df82a7bb1ae] NF registred [Heartbeat:10s] (../src/udr/nf-sm.c:198)
Open5GS daemon v2.4.4

05/12 12:34:47.285: [app] INFO: Configuration: '/open5gs/install/etc/open5gs/udr.yaml' (../lib/app/ogs-init.c:129)
05/12 12:34:47.286: [app] INFO: File Logging: '/open5gs/install/var/log/open5gs/udr.log' (../lib/app/ogs-init.c:132)
05/12 12:34:47.301: [dbi] INFO: MongoDB URI: 'mongodb://localhost/open5gs' (../lib/dbi/ogs-mongoc.c:130)
05/12 12:34:47.302: [sbi] INFO: nghttp2_server() [127.0.0.20]:7777 (../lib/sbi/nghttp2-server.c:144)
05/12 12:34:47.304: [app] INFO: UDR initialize...done (../src/udr/app.c:31)
05/12 12:34:47.307: [udr] INFO: [04a721a8-105c-41ef-a859-8dd2915ed911] NF registred [Heartbeat:10s] (../src/udr/nf-sm.c:198)
Open5GS daemon v2.4.4

05/12 12:59:05.801: [app] INFO: Configuration: '/open5gs/install/etc/open5gs/udr.yaml' (../lib/app/ogs-init.c:129)
05/12 12:59:05.802: [app] INFO: File Logging: '/open5gs/install/var/log/open5gs/udr.log' (../lib/app/ogs-init.c:132)
05/12 12:59:05.831: [dbi] INFO: MongoDB URI: 'mongodb://localhost/open5gs' (../lib/dbi/ogs-mongoc.c:130)
05/12 12:59:05.833: [sbi] INFO: nghttp2_server() [127.0.0.20]:7777 (../lib/sbi/nghttp2-server.c:144)
05/12 12:59:05.836: [app] INFO: UDR initialize...done (../src/udr/app.c:31)
05/12 12:59:05.841: [udr] INFO: [69ff3f4c-105f-41ef-8ba7-33d730f0c466] NF registred [Heartbeat:10s] (../src/udr/nf-sm.c:198)
Open5GS daemon v2.4.4

05/12 16:10:34.560: [app] INFO: Configuration: '/open5gs/install/etc/open5gs/udr.yaml' (../lib/app/ogs-init.c:129)
05/12 16:10:34.561: [app] INFO: File Logging: '/open5gs/install/var/log/open5gs/udr.log' (../lib/app/ogs-init.c:132)
05/12 16:10:34.579: [dbi] INFO: MongoDB URI: 'mongodb://localhost/open5gs' (../lib/dbi/ogs-mongoc.c:130)
05/12 16:10:34.580: [sbi] INFO: nghttp2_server() [127.0.0.20]:7777 (../lib/sbi/nghttp2-server.c:144)
05/12 16:10:34.583: [app] INFO: UDR initialize...done (../src/udr/app.c:31)
05/12 16:10:34.587: [udr] INFO: [29d5b1f6-107a-41ef-8a35-fbed0559ba36] NF registred [Heartbeat:10s] (../src/udr/nf-sm.c:198)
Open5GS daemon v2.4.4

05/12 16:59:31.908: [app] INFO: Configuration: '/open5gs/install/etc/open5gs/udr.yaml' (../lib/app/ogs-init.c:129)
05/12 16:59:31.909: [app] INFO: File Logging: '/open5gs/install/var/log/open5gs/udr.log' (../lib/app/ogs-init.c:132)
05/12 16:59:31.927: [dbi] INFO: MongoDB URI: 'mongodb://localhost/open5gs' (../lib/dbi/ogs-mongoc.c:130)
05/12 16:59:31.927: [sbi] INFO: nghttp2_server() [127.0.0.20]:7777 (../lib/sbi/nghttp2-server.c:144)
05/12 16:59:31.933: [app] INFO: UDR initialize...done (../src/udr/app.c:31)
05/12 16:59:31.949: [udr] INFO: [00a04628-1081-41ef-9e1a-39d42a0ec290] NF registred [Heartbeat:10s] (../src/udr/nf-sm.c:198)
